<?xml version="1.0" encoding="UTF-8"?>
<coverage generated="1666942677649" clover="3.2.0">
  <project timestamp="1666942677649" name="All files">
    <metrics statements="258" coveredstatements="208" conditionals="168" coveredconditionals="120" methods="38" coveredmethods="36" elements="464" coveredelements="364" complexity="0" loc="258" ncloc="258" packages="2" files="3" classes="3"/>
    <package name="lib">
      <metrics statements="252" coveredstatements="202" conditionals="166" coveredconditionals="119" methods="36" coveredmethods="34"/>
      <file name="babel-plugin.js" path="/Users/dsc/Documents/ws/privacy/pp/lib/babel-plugin.js">
        <metrics statements="228" coveredstatements="181" conditionals="152" coveredconditionals="109" methods="32" coveredmethods="30"/>
        <line num="2" count="3" type="stmt"/>
        <line num="3" count="3" type="stmt"/>
        <line num="5" count="3" type="stmt"/>
        <line num="6" count="3" type="stmt"/>
        <line num="7" count="3" type="stmt"/>
        <line num="8" count="3" type="stmt"/>
        <line num="9" count="3" type="stmt"/>
        <line num="11" count="0" type="stmt"/>
        <line num="12" count="0" type="stmt"/>
        <line num="13" count="0" type="stmt"/>
        <line num="14" count="0" type="cond" truecount="0" falsecount="2"/>
        <line num="15" count="0" type="stmt"/>
        <line num="18" count="0" type="stmt"/>
        <line num="21" count="450" type="cond" truecount="3" falsecount="0"/>
        <line num="24" count="270" type="stmt"/>
        <line num="27" count="510" type="cond" truecount="2" falsecount="0"/>
        <line num="28" count="30" type="stmt"/>
        <line num="30" count="480" type="cond" truecount="2" falsecount="0"/>
        <line num="31" count="30" type="stmt"/>
        <line num="33" count="450" type="cond" truecount="2" falsecount="0"/>
        <line num="34" count="30" type="stmt"/>
        <line num="36" count="420" type="cond" truecount="6" falsecount="0"/>
        <line num="37" count="60" type="stmt"/>
        <line num="39" count="360" type="cond" truecount="2" falsecount="0"/>
        <line num="40" count="270" type="cond" truecount="1" falsecount="1"/>
        <line num="41" count="270" type="stmt"/>
        <line num="43" count="0" type="stmt"/>
        <line num="45" count="90" type="cond" truecount="1" falsecount="1"/>
        <line num="47" count="0" type="cond" truecount="0" falsecount="4"/>
        <line num="48" count="0" type="stmt"/>
        <line num="50" count="0" type="stmt"/>
        <line num="51" count="0" type="stmt"/>
        <line num="52" count="0" type="stmt"/>
        <line num="54" count="90" type="cond" truecount="5" falsecount="0"/>
        <line num="58" count="30" type="stmt"/>
        <line num="60" count="60" type="cond" truecount="1" falsecount="1"/>
        <line num="62" count="0" type="stmt"/>
        <line num="64" count="60" type="stmt"/>
        <line num="66" count="3" type="stmt"/>
        <line num="73" count="3" type="stmt"/>
        <line num="81" count="16" type="stmt"/>
        <line num="82" count="16" type="stmt"/>
        <line num="83" count="272" type="cond" truecount="1" falsecount="1"/>
        <line num="84" count="272" type="stmt"/>
        <line num="85" count="272" type="stmt"/>
        <line num="88" count="0" type="stmt"/>
        <line num="91" count="16" type="stmt"/>
        <line num="94" count="14" type="stmt"/>
        <line num="95" count="14" type="stmt"/>
        <line num="96" count="238" type="cond" truecount="1" falsecount="1"/>
        <line num="97" count="0" type="stmt"/>
        <line num="99" count="238" type="stmt"/>
        <line num="101" count="14" type="stmt"/>
        <line num="104" count="42" type="stmt"/>
        <line num="107" count="14" type="stmt"/>
        <line num="108" count="14" type="cond" truecount="1" falsecount="1"/>
        <line num="109" count="0" type="stmt"/>
        <line num="111" count="14" type="cond" truecount="1" falsecount="1"/>
        <line num="112" count="14" type="stmt"/>
        <line num="114" count="0" type="cond" truecount="0" falsecount="2"/>
        <line num="115" count="0" type="stmt"/>
        <line num="117" count="0" type="stmt"/>
        <line num="120" count="30" type="cond" truecount="2" falsecount="0"/>
        <line num="121" count="16" type="stmt"/>
        <line num="123" count="14" type="cond" truecount="1" falsecount="1"/>
        <line num="124" count="14" type="stmt"/>
        <line num="126" count="0" type="stmt"/>
        <line num="129" count="238" type="stmt"/>
        <line num="132" count="88" type="cond" truecount="2" falsecount="0"/>
        <line num="133" count="88" type="stmt"/>
        <line num="134" count="88" type="cond" truecount="4" falsecount="0"/>
        <line num="135" count="88" type="cond" truecount="2" falsecount="0"/>
        <line num="136" count="30" type="stmt"/>
        <line num="137" count="510" type="stmt"/>
        <line num="138" count="510" type="cond" truecount="4" falsecount="0"/>
        <line num="139" count="180" type="stmt"/>
        <line num="142" count="330" type="stmt"/>
        <line num="146" count="88" type="cond" truecount="1" falsecount="1"/>
        <line num="147" count="88" type="cond" truecount="1" falsecount="1"/>
        <line num="148" count="88" type="cond" truecount="2" falsecount="0"/>
        <line num="150" count="30" type="stmt"/>
        <line num="152" count="88" type="stmt"/>
        <line num="153" count="88" type="cond" truecount="1" falsecount="1"/>
        <line num="155" count="88" type="stmt"/>
        <line num="156" count="88" type="stmt"/>
        <line num="160" count="88" type="stmt"/>
        <line num="162" count="88" type="stmt"/>
        <line num="165" count="88" type="stmt"/>
        <line num="166" count="88" type="stmt"/>
        <line num="172" count="88" type="cond" truecount="2" falsecount="0"/>
        <line num="173" count="24" type="cond" truecount="1" falsecount="1"/>
        <line num="175" count="88" type="cond" truecount="2" falsecount="0"/>
        <line num="178" count="88" type="stmt"/>
        <line num="181" count="110" type="stmt"/>
        <line num="182" count="110" type="cond" truecount="1" falsecount="1"/>
        <line num="183" count="0" type="stmt"/>
        <line num="185" count="110" type="stmt"/>
        <line num="186" count="110" type="stmt"/>
        <line num="187" count="110" type="stmt"/>
        <line num="188" count="110" type="cond" truecount="1" falsecount="1"/>
        <line num="189" count="0" type="stmt"/>
        <line num="191" count="110" type="cond" truecount="4" falsecount="0"/>
        <line num="192" count="46" type="stmt"/>
        <line num="194" count="64" type="cond" truecount="2" falsecount="0"/>
        <line num="195" count="34" type="stmt"/>
        <line num="197" count="30" type="stmt"/>
        <line num="198" count="30" type="stmt"/>
        <line num="199" count="30" type="stmt"/>
        <line num="201" count="110" type="cond" truecount="2" falsecount="0"/>
        <line num="202" count="30" type="stmt"/>
        <line num="203" count="30" type="stmt"/>
        <line num="205" count="80" type="stmt"/>
        <line num="208" count="240" type="cond" truecount="2" falsecount="0"/>
        <line num="209" count="32" type="stmt"/>
        <line num="211" count="208" type="cond" truecount="2" falsecount="0"/>
        <line num="212" count="16" type="stmt"/>
        <line num="214" count="192" type="cond" truecount="4" falsecount="0"/>
        <line num="215" count="16" type="stmt"/>
        <line num="217" count="176" type="stmt"/>
        <line num="220" count="88" type="cond" truecount="2" falsecount="0"/>
        <line num="221" count="72" type="stmt"/>
        <line num="223" count="16" type="stmt"/>
        <line num="224" count="16" type="cond" truecount="2" falsecount="0"/>
        <line num="225" count="4" type="stmt"/>
        <line num="227" count="12" type="stmt"/>
        <line num="229" count="12" type="cond" truecount="1" falsecount="1"/>
        <line num="230" count="0" type="stmt"/>
        <line num="231" count="0" type="stmt"/>
        <line num="232" count="0" type="stmt"/>
        <line num="233" count="0" type="stmt"/>
        <line num="234" count="0" type="stmt"/>
        <line num="236" count="12" type="cond" truecount="2" falsecount="0"/>
        <line num="237" count="8" type="stmt"/>
        <line num="239" count="12" type="cond" truecount="2" falsecount="0"/>
        <line num="240" count="8" type="stmt"/>
        <line num="244" count="88" type="stmt"/>
        <line num="245" count="88" type="stmt"/>
        <line num="248" count="31" type="stmt"/>
        <line num="253" count="37" type="cond" truecount="2" falsecount="0"/>
        <line num="254" count="21" type="stmt"/>
        <line num="255" count="21" type="stmt"/>
        <line num="257" count="16" type="stmt"/>
        <line num="258" count="16" type="cond" truecount="1" falsecount="1"/>
        <line num="259" count="16" type="stmt"/>
        <line num="260" count="16" type="stmt"/>
        <line num="261" count="16" type="stmt"/>
        <line num="262" count="16" type="stmt"/>
        <line num="263" count="16" type="stmt"/>
        <line num="264" count="16" type="stmt"/>
        <line num="265" count="242" type="stmt"/>
        <line num="266" count="16" type="cond" truecount="1" falsecount="1"/>
        <line num="268" count="0" type="stmt"/>
        <line num="269" count="0" type="stmt"/>
        <line num="271" count="16" type="stmt"/>
        <line num="272" count="16" type="stmt"/>
        <line num="273" count="224" type="stmt"/>
        <line num="274" count="224" type="cond" truecount="2" falsecount="0"/>
        <line num="275" count="48" type="stmt"/>
        <line num="278" count="242" type="stmt"/>
        <line num="279" count="16" type="stmt"/>
        <line num="280" count="16" type="stmt"/>
        <line num="281" count="16" type="cond" truecount="1" falsecount="1"/>
        <line num="282" count="0" type="stmt"/>
        <line num="284" count="16" type="cond" truecount="1" falsecount="1"/>
        <line num="285" count="0" type="stmt"/>
        <line num="287" count="16" type="stmt"/>
        <line num="288" count="16" type="cond" truecount="1" falsecount="1"/>
        <line num="289" count="0" type="stmt"/>
        <line num="291" count="16" type="stmt"/>
        <line num="292" count="26" type="stmt"/>
        <line num="293" count="26" type="cond" truecount="2" falsecount="0"/>
        <line num="295" count="4" type="stmt"/>
        <line num="296" count="4" type="stmt"/>
        <line num="298" count="22" type="cond" truecount="2" falsecount="0"/>
        <line num="299" count="2" type="stmt"/>
        <line num="300" count="2" type="stmt"/>
        <line num="302" count="20" type="cond" truecount="1" falsecount="1"/>
        <line num="303" count="20" type="stmt"/>
        <line num="304" count="20" type="cond" truecount="2" falsecount="0"/>
        <line num="305" count="4" type="stmt"/>
        <line num="307" count="16" type="cond" truecount="2" falsecount="0"/>
        <line num="308" count="4" type="stmt"/>
        <line num="314" count="16" type="stmt"/>
        <line num="315" count="16" type="stmt"/>
        <line num="316" count="16" type="stmt"/>
        <line num="317" count="16" type="stmt"/>
        <line num="318" count="16" type="stmt"/>
        <line num="319" count="16" type="stmt"/>
        <line num="320" count="16" type="stmt"/>
        <line num="321" count="16" type="stmt"/>
        <line num="322" count="16" type="stmt"/>
        <line num="326" count="80" type="stmt"/>
        <line num="327" count="80" type="cond" truecount="2" falsecount="0"/>
        <line num="328" count="22" type="stmt"/>
        <line num="329" count="22" type="stmt"/>
        <line num="332" count="58" type="stmt"/>
        <line num="333" count="58" type="stmt"/>
        <line num="334" count="58" type="stmt"/>
        <line num="337" count="110" type="stmt"/>
        <line num="338" count="110" type="stmt"/>
        <line num="339" count="110" type="stmt"/>
        <line num="342" count="16" type="stmt"/>
        <line num="343" count="16" type="cond" truecount="1" falsecount="1"/>
        <line num="344" count="0" type="stmt"/>
        <line num="345" count="0" type="stmt"/>
        <line num="347" count="16" type="stmt"/>
        <line num="348" count="16" type="cond" truecount="1" falsecount="1"/>
        <line num="349" count="16" type="cond" truecount="3" falsecount="1"/>
        <line num="350" count="16" type="stmt"/>
        <line num="351" count="16" type="stmt"/>
        <line num="353" count="0" type="cond" truecount="0" falsecount="2"/>
        <line num="354" count="0" type="cond" truecount="0" falsecount="2"/>
        <line num="356" count="0" type="stmt"/>
        <line num="359" count="16" type="stmt"/>
        <line num="360" count="16" type="cond" truecount="1" falsecount="1"/>
        <line num="361" count="16" type="stmt"/>
        <line num="362" count="16" type="stmt"/>
        <line num="364" count="0" type="stmt"/>
        <line num="365" count="0" type="cond" truecount="0" falsecount="2"/>
        <line num="366" count="0" type="cond" truecount="0" falsecount="2"/>
        <line num="367" count="0" type="stmt"/>
        <line num="368" count="0" type="stmt"/>
        <line num="371" count="0" type="stmt"/>
        <line num="372" count="0" type="stmt"/>
        <line num="374" count="0" type="cond" truecount="0" falsecount="2"/>
        <line num="376" count="0" type="stmt"/>
        <line num="378" count="0" type="stmt"/>
        <line num="383" count="3" type="stmt"/>
      </file>
      <file name="config.js" path="/Users/dsc/Documents/ws/privacy/pp/lib/config.js">
        <metrics statements="24" coveredstatements="21" conditionals="14" coveredconditionals="10" methods="4" coveredmethods="4"/>
        <line num="2" count="3" type="stmt"/>
        <line num="3" count="3" type="stmt"/>
        <line num="4" count="3" type="stmt"/>
        <line num="5" count="3" type="stmt"/>
        <line num="6" count="3" type="stmt"/>
        <line num="11" count="14" type="stmt"/>
        <line num="14" count="37" type="stmt"/>
        <line num="18" count="37" type="cond" truecount="2" falsecount="0"/>
        <line num="19" count="9" type="stmt"/>
        <line num="21" count="28" type="cond" truecount="2" falsecount="0"/>
        <line num="23" count="14" type="stmt"/>
        <line num="25" count="14" type="cond" truecount="2" falsecount="0"/>
        <line num="26" count="2" type="stmt"/>
        <line num="28" count="12" type="stmt"/>
        <line num="30" count="3" type="stmt"/>
        <line num="32" count="160" type="cond" truecount="1" falsecount="1"/>
        <line num="33" count="0" type="stmt"/>
        <line num="36" count="160" type="cond" truecount="1" falsecount="1"/>
        <line num="37" count="160" type="cond" truecount="1" falsecount="1"/>
        <line num="38" count="0" type="stmt"/>
        <line num="40" count="160" type="cond" truecount="1" falsecount="1"/>
        <line num="41" count="0" type="stmt"/>
        <line num="43" count="160" type="stmt"/>
        <line num="45" count="3" type="stmt"/>
      </file>
    </package>
    <package name="tests">
      <metrics statements="6" coveredstatements="6" conditionals="2" coveredconditionals="1" methods="2" coveredmethods="2"/>
      <file name="translate.ts" path="/Users/dsc/Documents/ws/privacy/pp/tests/translate.ts">
        <metrics statements="6" coveredstatements="6" conditionals="2" coveredconditionals="1" methods="2" coveredmethods="2"/>
        <line num="7" count="37" type="stmt"/>
        <line num="8" count="37" type="stmt"/>
        <line num="9" count="37" type="stmt"/>
        <line num="14" count="37" type="stmt"/>
        <line num="20" count="37" type="cond" truecount="1" falsecount="1"/>
        <line num="21" count="37" type="stmt"/>
      </file>
    </package>
  </project>
</coverage>
