<?xml version="1.0" encoding="UTF-8"?>
<coverage generated="1669288191625" clover="3.2.0">
  <project timestamp="1669288191625" name="All files">
    <metrics statements="277" coveredstatements="244" conditionals="181" coveredconditionals="144" methods="40" coveredmethods="38" elements="498" coveredelements="426" complexity="0" loc="277" ncloc="277" packages="2" files="3" classes="3"/>
    <package name="lib">
      <metrics statements="268" coveredstatements="235" conditionals="176" coveredconditionals="140" methods="38" coveredmethods="36"/>
      <file name="babel-plugin.js" path="/Users/dsc/Documents/ws/privacy/pp/lib/babel-plugin.js">
        <metrics statements="244" coveredstatements="214" conditionals="162" coveredconditionals="130" methods="34" coveredmethods="32"/>
        <line num="2" count="4" type="stmt"/>
        <line num="3" count="4" type="stmt"/>
        <line num="5" count="4" type="stmt"/>
        <line num="6" count="4" type="stmt"/>
        <line num="7" count="4" type="stmt"/>
        <line num="8" count="4" type="stmt"/>
        <line num="9" count="4" type="stmt"/>
        <line num="10" count="4" type="stmt"/>
        <line num="12" count="0" type="stmt"/>
        <line num="13" count="0" type="stmt"/>
        <line num="14" count="0" type="stmt"/>
        <line num="15" count="0" type="cond" truecount="0" falsecount="2"/>
        <line num="16" count="0" type="stmt"/>
        <line num="19" count="0" type="stmt"/>
        <line num="22" count="717" type="cond" truecount="3" falsecount="0"/>
        <line num="25" count="427" type="stmt"/>
        <line num="28" count="815" type="cond" truecount="2" falsecount="0"/>
        <line num="29" count="51" type="stmt"/>
        <line num="31" count="764" type="cond" truecount="2" falsecount="0"/>
        <line num="32" count="47" type="stmt"/>
        <line num="34" count="717" type="cond" truecount="2" falsecount="0"/>
        <line num="35" count="51" type="stmt"/>
        <line num="37" count="666" type="cond" truecount="6" falsecount="0"/>
        <line num="40" count="94" type="stmt"/>
        <line num="42" count="572" type="cond" truecount="2" falsecount="0"/>
        <line num="43" count="427" type="cond" truecount="1" falsecount="1"/>
        <line num="44" count="427" type="stmt"/>
        <line num="46" count="0" type="stmt"/>
        <line num="48" count="145" type="cond" truecount="1" falsecount="1"/>
        <line num="50" count="0" type="cond" truecount="0" falsecount="4"/>
        <line num="51" count="0" type="stmt"/>
        <line num="53" count="0" type="stmt"/>
        <line num="54" count="0" type="stmt"/>
        <line num="55" count="0" type="stmt"/>
        <line num="57" count="145" type="cond" truecount="5" falsecount="0"/>
        <line num="62" count="47" type="stmt"/>
        <line num="64" count="98" type="cond" truecount="1" falsecount="1"/>
        <line num="66" count="0" type="stmt"/>
        <line num="68" count="98" type="stmt"/>
        <line num="70" count="4" type="stmt"/>
        <line num="77" count="4" type="stmt"/>
        <line num="84" count="28" type="stmt"/>
        <line num="85" count="28" type="stmt"/>
        <line num="86" count="322" type="cond" truecount="1" falsecount="1"/>
        <line num="87" count="322" type="stmt"/>
        <line num="88" count="322" type="stmt"/>
        <line num="92" count="0" type="stmt"/>
        <line num="95" count="28" type="stmt"/>
        <line num="98" count="29" type="stmt"/>
        <line num="99" count="29" type="stmt"/>
        <line num="100" count="493" type="cond" truecount="1" falsecount="1"/>
        <line num="101" count="0" type="stmt"/>
        <line num="103" count="493" type="stmt"/>
        <line num="106" count="29" type="stmt"/>
        <line num="109" count="105" type="stmt"/>
        <line num="112" count="39" type="stmt"/>
        <line num="113" count="39" type="cond" truecount="1" falsecount="1"/>
        <line num="114" count="0" type="stmt"/>
        <line num="116" count="39" type="cond" truecount="2" falsecount="0"/>
        <line num="117" count="29" type="stmt"/>
        <line num="119" count="10" type="cond" truecount="1" falsecount="1"/>
        <line num="120" count="10" type="stmt"/>
        <line num="122" count="0" type="stmt"/>
        <line num="125" count="69" type="cond" truecount="2" falsecount="0"/>
        <line num="126" count="28" type="stmt"/>
        <line num="128" count="41" type="cond" truecount="2" falsecount="0"/>
        <line num="129" count="39" type="stmt"/>
        <line num="131" count="2" type="cond" truecount="1" falsecount="1"/>
        <line num="132" count="2" type="stmt"/>
        <line num="134" count="0" type="stmt"/>
        <line num="137" count="253" type="stmt"/>
        <line num="140" count="114" type="cond" truecount="2" falsecount="0"/>
        <line num="143" count="114" type="stmt"/>
        <line num="144" count="114" type="cond" truecount="2" falsecount="0"/>
        <line num="147" count="114" type="cond" truecount="2" falsecount="0"/>
        <line num="148" count="57" type="stmt"/>
        <line num="149" count="815" type="stmt"/>
        <line num="150" count="815" type="cond" truecount="4" falsecount="0"/>
        <line num="151" count="290" type="stmt"/>
        <line num="154" count="525" type="stmt"/>
        <line num="158" count="114" type="cond" truecount="1" falsecount="1"/>
        <line num="159" count="114" type="cond" truecount="1" falsecount="1"/>
        <line num="160" count="114" type="cond" truecount="2" falsecount="0"/>
        <line num="162" count="59" type="stmt"/>
        <line num="164" count="114" type="stmt"/>
        <line num="165" count="114" type="cond" truecount="1" falsecount="1"/>
        <line num="169" count="114" type="stmt"/>
        <line num="170" count="114" type="stmt"/>
        <line num="174" count="114" type="stmt"/>
        <line num="176" count="114" type="stmt"/>
        <line num="179" count="114" type="stmt"/>
        <line num="180" count="114" type="cond" truecount="2" falsecount="0"/>
        <line num="183" count="114" type="stmt"/>
        <line num="188" count="114" type="cond" truecount="2" falsecount="0"/>
        <line num="189" count="55" type="stmt"/>
        <line num="191" count="114" type="cond" truecount="2" falsecount="0"/>
        <line num="194" count="96" type="stmt"/>
        <line num="199" count="111" type="stmt"/>
        <line num="200" count="111" type="cond" truecount="1" falsecount="1"/>
        <line num="201" count="0" type="stmt"/>
        <line num="203" count="111" type="stmt"/>
        <line num="204" count="111" type="stmt"/>
        <line num="205" count="111" type="stmt"/>
        <line num="206" count="111" type="cond" truecount="1" falsecount="1"/>
        <line num="207" count="0" type="stmt"/>
        <line num="209" count="111" type="cond" truecount="4" falsecount="0"/>
        <line num="210" count="47" type="stmt"/>
        <line num="212" count="64" type="cond" truecount="2" falsecount="0"/>
        <line num="213" count="34" type="stmt"/>
        <line num="215" count="30" type="stmt"/>
        <line num="216" count="30" type="stmt"/>
        <line num="217" count="30" type="stmt"/>
        <line num="219" count="111" type="cond" truecount="2" falsecount="0"/>
        <line num="220" count="30" type="stmt"/>
        <line num="221" count="30" type="stmt"/>
        <line num="223" count="81" type="stmt"/>
        <line num="226" count="262" type="cond" truecount="2" falsecount="0"/>
        <line num="227" count="38" type="stmt"/>
        <line num="229" count="224" type="cond" truecount="2" falsecount="0"/>
        <line num="230" count="16" type="stmt"/>
        <line num="232" count="208" type="cond" truecount="4" falsecount="0"/>
        <line num="233" count="20" type="stmt"/>
        <line num="235" count="188" type="stmt"/>
        <line num="238" count="114" type="cond" truecount="2" falsecount="0"/>
        <line num="239" count="95" type="stmt"/>
        <line num="241" count="19" type="stmt"/>
        <line num="242" count="19" type="cond" truecount="2" falsecount="0"/>
        <line num="243" count="4" type="stmt"/>
        <line num="245" count="15" type="stmt"/>
        <line num="247" count="15" type="cond" truecount="2" falsecount="0"/>
        <line num="248" count="2" type="stmt"/>
        <line num="252" count="2" type="stmt"/>
        <line num="253" count="2" type="stmt"/>
        <line num="254" count="2" type="stmt"/>
        <line num="255" count="2" type="stmt"/>
        <line num="257" count="13" type="cond" truecount="2" falsecount="0"/>
        <line num="258" count="8" type="stmt"/>
        <line num="260" count="13" type="cond" truecount="2" falsecount="0"/>
        <line num="261" count="9" type="stmt"/>
        <line num="264" count="4" type="stmt"/>
        <line num="266" count="114" type="stmt"/>
        <line num="267" count="114" type="stmt"/>
        <line num="268" count="114" type="stmt"/>
        <line num="269" count="114" type="cond" truecount="2" falsecount="0"/>
        <line num="270" count="14" type="stmt"/>
        <line num="271" count="14" type="stmt"/>
        <line num="273" count="114" type="cond" truecount="1" falsecount="1"/>
        <line num="275" count="4" type="stmt"/>
        <line num="277" count="84" type="stmt"/>
        <line num="278" count="84" type="cond" truecount="2" falsecount="0"/>
        <line num="279" count="22" type="stmt"/>
        <line num="280" count="22" type="stmt"/>
        <line num="283" count="62" type="stmt"/>
        <line num="284" count="62" type="stmt"/>
        <line num="285" count="62" type="stmt"/>
        <line num="288" count="111" type="stmt"/>
        <line num="289" count="111" type="stmt"/>
        <line num="290" count="111" type="stmt"/>
        <line num="293" count="19" type="stmt"/>
        <line num="294" count="19" type="cond" truecount="1" falsecount="1"/>
        <line num="295" count="0" type="stmt"/>
        <line num="296" count="0" type="stmt"/>
        <line num="298" count="19" type="stmt"/>
        <line num="299" count="19" type="cond" truecount="1" falsecount="1"/>
        <line num="300" count="19" type="cond" truecount="4" falsecount="0"/>
        <line num="301" count="1" type="stmt"/>
        <line num="302" count="1" type="stmt"/>
        <line num="304" count="18" type="cond" truecount="2" falsecount="0"/>
        <line num="305" count="18" type="cond" truecount="2" falsecount="0"/>
        <line num="307" count="18" type="stmt"/>
        <line num="310" count="20" type="stmt"/>
        <line num="311" count="20" type="cond" truecount="2" falsecount="0"/>
        <line num="312" count="16" type="stmt"/>
        <line num="313" count="16" type="stmt"/>
        <line num="315" count="4" type="stmt"/>
        <line num="316" count="4" type="cond" truecount="1" falsecount="1"/>
        <line num="317" count="4" type="cond" truecount="1" falsecount="1"/>
        <line num="318" count="0" type="stmt"/>
        <line num="319" count="0" type="stmt"/>
        <line num="322" count="4" type="stmt"/>
        <line num="323" count="4" type="stmt"/>
        <line num="325" count="0" type="cond" truecount="0" falsecount="2"/>
        <line num="327" count="0" type="stmt"/>
        <line num="329" count="4" type="stmt"/>
        <line num="333" count="40" type="stmt"/>
        <line num="335" count="40" type="cond" truecount="1" falsecount="1"/>
        <line num="338" count="47" type="stmt"/>
        <line num="339" count="47" type="stmt"/>
        <line num="340" count="47" type="stmt"/>
        <line num="345" count="47" type="cond" truecount="2" falsecount="0"/>
        <line num="346" count="28" type="stmt"/>
        <line num="347" count="28" type="stmt"/>
        <line num="349" count="19" type="stmt"/>
        <line num="350" count="19" type="cond" truecount="1" falsecount="1"/>
        <line num="351" count="19" type="stmt"/>
        <line num="352" count="19" type="stmt"/>
        <line num="353" count="19" type="stmt"/>
        <line num="354" count="19" type="stmt"/>
        <line num="355" count="19" type="stmt"/>
        <line num="356" count="19" type="stmt"/>
        <line num="357" count="271" type="stmt"/>
        <line num="358" count="19" type="cond" truecount="1" falsecount="1"/>
        <line num="360" count="0" type="stmt"/>
        <line num="361" count="0" type="stmt"/>
        <line num="363" count="19" type="stmt"/>
        <line num="364" count="19" type="stmt"/>
        <line num="365" count="242" type="stmt"/>
        <line num="366" count="242" type="cond" truecount="2" falsecount="0"/>
        <line num="367" count="54" type="stmt"/>
        <line num="370" count="271" type="stmt"/>
        <line num="371" count="19" type="stmt"/>
        <line num="372" count="29" type="stmt"/>
        <line num="373" count="29" type="cond" truecount="1" falsecount="1"/>
        <line num="374" count="0" type="stmt"/>
        <line num="376" count="29" type="cond" truecount="2" falsecount="0"/>
        <line num="377" count="10" type="stmt"/>
        <line num="379" count="19" type="stmt"/>
        <line num="380" count="19" type="cond" truecount="1" falsecount="1"/>
        <line num="381" count="0" type="stmt"/>
        <line num="383" count="19" type="stmt"/>
        <line num="384" count="32" type="stmt"/>
        <line num="385" count="32" type="cond" truecount="2" falsecount="0"/>
        <line num="387" count="4" type="stmt"/>
        <line num="388" count="4" type="stmt"/>
        <line num="390" count="28" type="cond" truecount="2" falsecount="0"/>
        <line num="391" count="2" type="stmt"/>
        <line num="392" count="2" type="stmt"/>
        <line num="394" count="26" type="cond" truecount="1" falsecount="1"/>
        <line num="395" count="26" type="stmt"/>
        <line num="396" count="26" type="cond" truecount="2" falsecount="0"/>
        <line num="397" count="7" type="stmt"/>
        <line num="399" count="19" type="cond" truecount="2" falsecount="0"/>
        <line num="401" count="4" type="stmt"/>
        <line num="406" count="19" type="stmt"/>
        <line num="409" count="19" type="stmt"/>
        <line num="410" count="19" type="stmt"/>
        <line num="411" count="19" type="stmt"/>
        <line num="412" count="19" type="stmt"/>
        <line num="413" count="19" type="stmt"/>
        <line num="414" count="19" type="stmt"/>
        <line num="415" count="19" type="stmt"/>
        <line num="416" count="19" type="stmt"/>
        <line num="417" count="19" type="stmt"/>
        <line num="423" count="4" type="stmt"/>
      </file>
      <file name="config.js" path="/Users/dsc/Documents/ws/privacy/pp/lib/config.js">
        <metrics statements="24" coveredstatements="21" conditionals="14" coveredconditionals="10" methods="4" coveredmethods="4"/>
        <line num="2" count="4" type="stmt"/>
        <line num="3" count="4" type="stmt"/>
        <line num="4" count="4" type="stmt"/>
        <line num="5" count="4" type="stmt"/>
        <line num="6" count="4" type="stmt"/>
        <line num="11" count="17" type="stmt"/>
        <line num="14" count="47" type="stmt"/>
        <line num="18" count="47" type="cond" truecount="2" falsecount="0"/>
        <line num="19" count="9" type="stmt"/>
        <line num="21" count="38" type="cond" truecount="2" falsecount="0"/>
        <line num="23" count="17" type="stmt"/>
        <line num="25" count="21" type="cond" truecount="2" falsecount="0"/>
        <line num="26" count="3" type="stmt"/>
        <line num="28" count="18" type="stmt"/>
        <line num="30" count="4" type="stmt"/>
        <line num="32" count="171" type="cond" truecount="1" falsecount="1"/>
        <line num="33" count="0" type="stmt"/>
        <line num="36" count="171" type="cond" truecount="1" falsecount="1"/>
        <line num="37" count="171" type="cond" truecount="1" falsecount="1"/>
        <line num="38" count="0" type="stmt"/>
        <line num="40" count="171" type="cond" truecount="1" falsecount="1"/>
        <line num="41" count="0" type="stmt"/>
        <line num="43" count="171" type="stmt"/>
        <line num="45" count="4" type="stmt"/>
      </file>
    </package>
    <package name="tests">
      <metrics statements="9" coveredstatements="9" conditionals="5" coveredconditionals="4" methods="2" coveredmethods="2"/>
      <file name="translate.ts" path="/Users/dsc/Documents/ws/privacy/pp/tests/translate.ts">
        <metrics statements="9" coveredstatements="9" conditionals="5" coveredconditionals="4" methods="2" coveredmethods="2"/>
        <line num="7" count="47" type="stmt"/>
        <line num="8" count="47" type="stmt"/>
        <line num="9" count="47" type="stmt"/>
        <line num="14" count="47" type="stmt"/>
        <line num="17" count="47" type="cond" truecount="2" falsecount="0"/>
        <line num="18" count="1" type="stmt"/>
        <line num="22" count="47" type="stmt"/>
        <line num="28" count="47" type="cond" truecount="1" falsecount="1"/>
        <line num="29" count="47" type="stmt"/>
      </file>
    </package>
  </project>
</coverage>
