{"/Users/dsc/Documents/ws/privacy/pp/lib/babel-plugin.js": {"path":"/Users/dsc/Documents/ws/privacy/pp/lib/babel-plugin.js","statementMap":{"0":{"start":{"line":2,"column":0},"end":{"line":2,"column":62}},"1":{"start":{"line":3,"column":16},"end":{"line":3,"column":32}},"2":{"start":{"line":5,"column":35},"end":{"line":5,"column":102}},"3":{"start":{"line":6,"column":19},"end":{"line":6,"column":70}},"4":{"start":{"line":7,"column":10},"end":{"line":7,"column":55}},"5":{"start":{"line":8,"column":15},"end":{"line":8,"column":55}},"6":{"start":{"line":9,"column":11},"end":{"line":9,"column":46}},"7":{"start":{"line":10,"column":17},"end":{"line":10,"column":36}},"8":{"start":{"line":12,"column":29},"end":{"line":12,"column":35}},"9":{"start":{"line":13,"column":22},"end":{"line":13,"column":42}},"10":{"start":{"line":14,"column":4},"end":{"line":18,"column":5}},"11":{"start":{"line":15,"column":8},"end":{"line":17,"column":9}},"12":{"start":{"line":16,"column":12},"end":{"line":16,"column":24}},"13":{"start":{"line":19,"column":4},"end":{"line":19,"column":21}},"14":{"start":{"line":22,"column":4},"end":{"line":22,"column":72}},"15":{"start":{"line":25,"column":4},"end":{"line":25,"column":53}},"16":{"start":{"line":25,"column":36},"end":{"line":25,"column":51}},"17":{"start":{"line":28,"column":4},"end":{"line":30,"column":5}},"18":{"start":{"line":29,"column":8},"end":{"line":29,"column":24}},"19":{"start":{"line":31,"column":4},"end":{"line":33,"column":5}},"20":{"start":{"line":32,"column":8},"end":{"line":32,"column":24}},"21":{"start":{"line":34,"column":4},"end":{"line":36,"column":5}},"22":{"start":{"line":35,"column":8},"end":{"line":35,"column":25}},"23":{"start":{"line":37,"column":4},"end":{"line":41,"column":5}},"24":{"start":{"line":40,"column":8},"end":{"line":40,"column":23}},"25":{"start":{"line":42,"column":4},"end":{"line":47,"column":5}},"26":{"start":{"line":43,"column":8},"end":{"line":45,"column":9}},"27":{"start":{"line":44,"column":12},"end":{"line":44,"column":49}},"28":{"start":{"line":46,"column":8},"end":{"line":46,"column":20}},"29":{"start":{"line":48,"column":4},"end":{"line":56,"column":5}},"30":{"start":{"line":50,"column":8},"end":{"line":52,"column":9}},"31":{"start":{"line":51,"column":12},"end":{"line":51,"column":24}},"32":{"start":{"line":53,"column":22},"end":{"line":53,"column":40}},"33":{"start":{"line":54,"column":21},"end":{"line":54,"column":33}},"34":{"start":{"line":55,"column":8},"end":{"line":55,"column":58}},"35":{"start":{"line":55,"column":41},"end":{"line":55,"column":56}},"36":{"start":{"line":57,"column":4},"end":{"line":63,"column":5}},"37":{"start":{"line":62,"column":8},"end":{"line":62,"column":24}},"38":{"start":{"line":64,"column":4},"end":{"line":67,"column":5}},"39":{"start":{"line":66,"column":8},"end":{"line":66,"column":41}},"40":{"start":{"line":68,"column":4},"end":{"line":68,"column":16}},"41":{"start":{"line":70,"column":23},"end":{"line":76,"column":2}},"42":{"start":{"line":77,"column":32},"end":{"line":82,"column":2}},"43":{"start":{"line":84,"column":21},"end":{"line":84,"column":23}},"44":{"start":{"line":85,"column":4},"end":{"line":94,"column":5}},"45":{"start":{"line":86,"column":8},"end":{"line":93,"column":9}},"46":{"start":{"line":87,"column":25},"end":{"line":87,"column":40}},"47":{"start":{"line":88,"column":12},"end":{"line":89,"column":53}},"48":{"start":{"line":92,"column":12},"end":{"line":92,"column":72}},"49":{"start":{"line":95,"column":4},"end":{"line":95,"column":20}},"50":{"start":{"line":98,"column":21},"end":{"line":98,"column":23}},"51":{"start":{"line":99,"column":4},"end":{"line":105,"column":7}},"52":{"start":{"line":100,"column":8},"end":{"line":102,"column":9}},"53":{"start":{"line":101,"column":12},"end":{"line":101,"column":77}},"54":{"start":{"line":103,"column":8},"end":{"line":104,"column":46}},"55":{"start":{"line":106,"column":4},"end":{"line":106,"column":20}},"56":{"start":{"line":109,"column":4},"end":{"line":109,"column":68}},"57":{"start":{"line":109,"column":45},"end":{"line":109,"column":66}},"58":{"start":{"line":112,"column":25},"end":{"line":112,"column":60}},"59":{"start":{"line":113,"column":4},"end":{"line":115,"column":5}},"60":{"start":{"line":114,"column":8},"end":{"line":114,"column":79}},"61":{"start":{"line":116,"column":4},"end":{"line":118,"column":5}},"62":{"start":{"line":117,"column":8},"end":{"line":117,"column":73}},"63":{"start":{"line":119,"column":4},"end":{"line":121,"column":5}},"64":{"start":{"line":120,"column":8},"end":{"line":120,"column":68}},"65":{"start":{"line":122,"column":4},"end":{"line":122,"column":63}},"66":{"start":{"line":125,"column":4},"end":{"line":127,"column":5}},"67":{"start":{"line":126,"column":8},"end":{"line":126,"column":57}},"68":{"start":{"line":128,"column":4},"end":{"line":130,"column":5}},"69":{"start":{"line":129,"column":8},"end":{"line":129,"column":60}},"70":{"start":{"line":131,"column":4},"end":{"line":133,"column":5}},"71":{"start":{"line":132,"column":8},"end":{"line":132,"column":20}},"72":{"start":{"line":134,"column":4},"end":{"line":134,"column":62}},"73":{"start":{"line":137,"column":4},"end":{"line":137,"column":68}},"74":{"start":{"line":140,"column":25},"end":{"line":142,"column":14}},"75":{"start":{"line":143,"column":21},"end":{"line":143,"column":23}},"76":{"start":{"line":144,"column":21},"end":{"line":146,"column":45}},"77":{"start":{"line":147,"column":4},"end":{"line":157,"column":5}},"78":{"start":{"line":148,"column":8},"end":{"line":156,"column":11}},"79":{"start":{"line":149,"column":27},"end":{"line":149,"column":46}},"80":{"start":{"line":150,"column":12},"end":{"line":155,"column":13}},"81":{"start":{"line":151,"column":16},"end":{"line":151,"column":90}},"82":{"start":{"line":154,"column":16},"end":{"line":154,"column":193}},"83":{"start":{"line":158,"column":17},"end":{"line":158,"column":32}},"84":{"start":{"line":159,"column":19},"end":{"line":159,"column":39}},"85":{"start":{"line":160,"column":4},"end":{"line":163,"column":5}},"86":{"start":{"line":162,"column":8},"end":{"line":162,"column":42}},"87":{"start":{"line":164,"column":20},"end":{"line":164,"column":51}},"88":{"start":{"line":165,"column":18},"end":{"line":167,"column":82}},"89":{"start":{"line":169,"column":4},"end":{"line":169,"column":27}},"90":{"start":{"line":170,"column":4},"end":{"line":170,"column":35}},"91":{"start":{"line":174,"column":4},"end":{"line":174,"column":35}},"92":{"start":{"line":176,"column":4},"end":{"line":176,"column":37}},"93":{"start":{"line":179,"column":4},"end":{"line":179,"column":45}},"94":{"start":{"line":180,"column":25},"end":{"line":182,"column":61}},"95":{"start":{"line":183,"column":23},"end":{"line":187,"column":5}},"96":{"start":{"line":188,"column":4},"end":{"line":190,"column":5}},"97":{"start":{"line":189,"column":8},"end":{"line":189,"column":61}},"98":{"start":{"line":191,"column":4},"end":{"line":191,"column":85}},"99":{"start":{"line":194,"column":4},"end":{"line":196,"column":7}},"100":{"start":{"line":199,"column":29},"end":{"line":199,"column":56}},"101":{"start":{"line":200,"column":4},"end":{"line":202,"column":5}},"102":{"start":{"line":201,"column":8},"end":{"line":201,"column":15}},"103":{"start":{"line":203,"column":4},"end":{"line":218,"column":7}},"104":{"start":{"line":204,"column":21},"end":{"line":204,"column":36}},"105":{"start":{"line":205,"column":20},"end":{"line":205,"column":32}},"106":{"start":{"line":206,"column":8},"end":{"line":208,"column":9}},"107":{"start":{"line":207,"column":12},"end":{"line":207,"column":19}},"108":{"start":{"line":209,"column":8},"end":{"line":211,"column":9}},"109":{"start":{"line":210,"column":12},"end":{"line":210,"column":19}},"110":{"start":{"line":212,"column":8},"end":{"line":214,"column":9}},"111":{"start":{"line":213,"column":12},"end":{"line":213,"column":19}},"112":{"start":{"line":215,"column":8},"end":{"line":215,"column":42}},"113":{"start":{"line":216,"column":8},"end":{"line":216,"column":43}},"114":{"start":{"line":217,"column":8},"end":{"line":217,"column":108}},"115":{"start":{"line":219,"column":4},"end":{"line":222,"column":5}},"116":{"start":{"line":220,"column":8},"end":{"line":220,"column":22}},"117":{"start":{"line":221,"column":8},"end":{"line":221,"column":15}},"118":{"start":{"line":223,"column":4},"end":{"line":223,"column":46}},"119":{"start":{"line":226,"column":4},"end":{"line":234,"column":5}},"120":{"start":{"line":227,"column":8},"end":{"line":227,"column":20}},"121":{"start":{"line":229,"column":9},"end":{"line":234,"column":5}},"122":{"start":{"line":230,"column":8},"end":{"line":230,"column":20}},"123":{"start":{"line":232,"column":9},"end":{"line":234,"column":5}},"124":{"start":{"line":233,"column":8},"end":{"line":233,"column":56}},"125":{"start":{"line":235,"column":4},"end":{"line":235,"column":16}},"126":{"start":{"line":238,"column":4},"end":{"line":240,"column":5}},"127":{"start":{"line":239,"column":8},"end":{"line":239,"column":15}},"128":{"start":{"line":241,"column":4},"end":{"line":241,"column":26}},"129":{"start":{"line":242,"column":4},"end":{"line":244,"column":5}},"130":{"start":{"line":243,"column":8},"end":{"line":243,"column":15}},"131":{"start":{"line":245,"column":23},"end":{"line":245,"column":41}},"132":{"start":{"line":247,"column":4},"end":{"line":256,"column":5}},"133":{"start":{"line":248,"column":8},"end":{"line":251,"column":44}},"134":{"start":{"line":252,"column":8},"end":{"line":252,"column":45}},"135":{"start":{"line":253,"column":8},"end":{"line":253,"column":41}},"136":{"start":{"line":254,"column":8},"end":{"line":254,"column":59}},"137":{"start":{"line":255,"column":8},"end":{"line":255,"column":15}},"138":{"start":{"line":257,"column":4},"end":{"line":259,"column":5}},"139":{"start":{"line":258,"column":8},"end":{"line":258,"column":108}},"140":{"start":{"line":260,"column":4},"end":{"line":262,"column":5}},"141":{"start":{"line":261,"column":8},"end":{"line":261,"column":122}},"142":{"start":{"line":264,"column":21},"end":{"line":264,"column":23}},"143":{"start":{"line":266,"column":4},"end":{"line":266,"column":39}},"144":{"start":{"line":267,"column":4},"end":{"line":267,"column":43}},"145":{"start":{"line":268,"column":12},"end":{"line":268,"column":42}},"146":{"start":{"line":269,"column":4},"end":{"line":272,"column":5}},"147":{"start":{"line":270,"column":8},"end":{"line":270,"column":15}},"148":{"start":{"line":271,"column":8},"end":{"line":271,"column":43}},"149":{"start":{"line":273,"column":4},"end":{"line":273,"column":32}},"150":{"start":{"line":275,"column":18},"end":{"line":331,"column":1}},"151":{"start":{"line":277,"column":8},"end":{"line":277,"column":37}},"152":{"start":{"line":278,"column":8},"end":{"line":281,"column":9}},"153":{"start":{"line":279,"column":12},"end":{"line":279,"column":24}},"154":{"start":{"line":280,"column":12},"end":{"line":280,"column":19}},"155":{"start":{"line":283,"column":8},"end":{"line":283,"column":56}},"156":{"start":{"line":284,"column":8},"end":{"line":284,"column":140}},"157":{"start":{"line":285,"column":8},"end":{"line":285,"column":20}},"158":{"start":{"line":288,"column":8},"end":{"line":288,"column":37}},"159":{"start":{"line":289,"column":8},"end":{"line":289,"column":48}},"160":{"start":{"line":290,"column":8},"end":{"line":290,"column":20}},"161":{"start":{"line":293,"column":8},"end":{"line":293,"column":37}},"162":{"start":{"line":294,"column":8},"end":{"line":297,"column":9}},"163":{"start":{"line":295,"column":12},"end":{"line":295,"column":24}},"164":{"start":{"line":296,"column":12},"end":{"line":296,"column":19}},"165":{"start":{"line":298,"column":28},"end":{"line":298,"column":49}},"166":{"start":{"line":299,"column":8},"end":{"line":306,"column":9}},"167":{"start":{"line":300,"column":12},"end":{"line":303,"column":13}},"168":{"start":{"line":301,"column":16},"end":{"line":301,"column":28}},"169":{"start":{"line":302,"column":16},"end":{"line":302,"column":23}},"170":{"start":{"line":304,"column":12},"end":{"line":304,"column":108}},"171":{"start":{"line":305,"column":12},"end":{"line":305,"column":158}},"172":{"start":{"line":307,"column":8},"end":{"line":307,"column":20}},"173":{"start":{"line":310,"column":8},"end":{"line":310,"column":37}},"174":{"start":{"line":311,"column":8},"end":{"line":314,"column":9}},"175":{"start":{"line":312,"column":12},"end":{"line":312,"column":24}},"176":{"start":{"line":313,"column":12},"end":{"line":313,"column":19}},"177":{"start":{"line":315,"column":28},"end":{"line":315,"column":49}},"178":{"start":{"line":316,"column":8},"end":{"line":328,"column":9}},"179":{"start":{"line":317,"column":12},"end":{"line":320,"column":13}},"180":{"start":{"line":318,"column":16},"end":{"line":318,"column":28}},"181":{"start":{"line":319,"column":16},"end":{"line":319,"column":23}},"182":{"start":{"line":322,"column":12},"end":{"line":322,"column":62}},"183":{"start":{"line":323,"column":12},"end":{"line":323,"column":169}},"184":{"start":{"line":325,"column":13},"end":{"line":328,"column":9}},"185":{"start":{"line":327,"column":12},"end":{"line":327,"column":71}},"186":{"start":{"line":329,"column":8},"end":{"line":329,"column":20}},"187":{"start":{"line":333,"column":4},"end":{"line":421,"column":6}},"188":{"start":{"line":335,"column":12},"end":{"line":335,"column":100}},"189":{"start":{"line":338,"column":24},"end":{"line":338,"column":75}},"190":{"start":{"line":339,"column":12},"end":{"line":339,"column":62}},"191":{"start":{"line":340,"column":12},"end":{"line":340,"column":116}},"192":{"start":{"line":345,"column":20},"end":{"line":348,"column":21}},"193":{"start":{"line":346,"column":24},"end":{"line":346,"column":36}},"194":{"start":{"line":347,"column":24},"end":{"line":347,"column":31}},"195":{"start":{"line":349,"column":20},"end":{"line":349,"column":49}},"196":{"start":{"line":350,"column":42},"end":{"line":350,"column":95}},"197":{"start":{"line":351,"column":20},"end":{"line":351,"column":47}},"198":{"start":{"line":352,"column":20},"end":{"line":352,"column":48}},"199":{"start":{"line":353,"column":20},"end":{"line":353,"column":63}},"200":{"start":{"line":354,"column":20},"end":{"line":354,"column":52}},"201":{"start":{"line":355,"column":20},"end":{"line":355,"column":50}},"202":{"start":{"line":356,"column":20},"end":{"line":356,"column":41}},"203":{"start":{"line":357,"column":35},"end":{"line":357,"column":102}},"204":{"start":{"line":357,"column":70},"end":{"line":357,"column":101}},"205":{"start":{"line":358,"column":20},"end":{"line":362,"column":21}},"206":{"start":{"line":360,"column":24},"end":{"line":360,"column":36}},"207":{"start":{"line":361,"column":24},"end":{"line":361,"column":31}},"208":{"start":{"line":363,"column":20},"end":{"line":363,"column":43}},"209":{"start":{"line":364,"column":20},"end":{"line":369,"column":23}},"210":{"start":{"line":365,"column":44},"end":{"line":365,"column":71}},"211":{"start":{"line":366,"column":24},"end":{"line":368,"column":25}},"212":{"start":{"line":367,"column":28},"end":{"line":367,"column":64}},"213":{"start":{"line":370,"column":36},"end":{"line":370,"column":102}},"214":{"start":{"line":370,"column":71},"end":{"line":370,"column":101}},"215":{"start":{"line":371,"column":20},"end":{"line":405,"column":21}},"216":{"start":{"line":371,"column":33},"end":{"line":371,"column":34}},"217":{"start":{"line":372,"column":40},"end":{"line":372,"column":57}},"218":{"start":{"line":373,"column":24},"end":{"line":375,"column":25}},"219":{"start":{"line":374,"column":28},"end":{"line":374,"column":37}},"220":{"start":{"line":376,"column":24},"end":{"line":378,"column":25}},"221":{"start":{"line":377,"column":28},"end":{"line":377,"column":37}},"222":{"start":{"line":379,"column":43},"end":{"line":379,"column":61}},"223":{"start":{"line":380,"column":24},"end":{"line":382,"column":25}},"224":{"start":{"line":381,"column":28},"end":{"line":381,"column":37}},"225":{"start":{"line":383,"column":24},"end":{"line":404,"column":25}},"226":{"start":{"line":383,"column":37},"end":{"line":383,"column":38}},"227":{"start":{"line":384,"column":46},"end":{"line":384,"column":59}},"228":{"start":{"line":385,"column":28},"end":{"line":389,"column":29}},"229":{"start":{"line":387,"column":32},"end":{"line":387,"column":71}},"230":{"start":{"line":388,"column":32},"end":{"line":388,"column":41}},"231":{"start":{"line":390,"column":28},"end":{"line":393,"column":29}},"232":{"start":{"line":391,"column":32},"end":{"line":391,"column":61}},"233":{"start":{"line":392,"column":32},"end":{"line":392,"column":41}},"234":{"start":{"line":394,"column":28},"end":{"line":403,"column":29}},"235":{"start":{"line":395,"column":32},"end":{"line":395,"column":61}},"236":{"start":{"line":396,"column":32},"end":{"line":402,"column":33}},"237":{"start":{"line":397,"column":36},"end":{"line":397,"column":79}},"238":{"start":{"line":399,"column":37},"end":{"line":402,"column":33}},"239":{"start":{"line":401,"column":36},"end":{"line":401,"column":90}},"240":{"start":{"line":406,"column":20},"end":{"line":406,"column":52}},"241":{"start":{"line":409,"column":20},"end":{"line":409,"column":48}},"242":{"start":{"line":410,"column":20},"end":{"line":410,"column":63}},"243":{"start":{"line":411,"column":20},"end":{"line":411,"column":52}},"244":{"start":{"line":412,"column":20},"end":{"line":412,"column":50}},"245":{"start":{"line":413,"column":20},"end":{"line":413,"column":58}},"246":{"start":{"line":414,"column":20},"end":{"line":414,"column":57}},"247":{"start":{"line":415,"column":20},"end":{"line":415,"column":51}},"248":{"start":{"line":416,"column":20},"end":{"line":416,"column":47}},"249":{"start":{"line":417,"column":20},"end":{"line":417,"column":46}},"250":{"start":{"line":423,"column":0},"end":{"line":423,"column":28}}},"fnMap":{"0":{"name":"allSameOrNull","decl":{"start":{"line":11,"column":9},"end":{"line":11,"column":22}},"loc":{"start":{"line":11,"column":31},"end":{"line":20,"column":1}},"line":11},"1":{"name":"isPrimaryType","decl":{"start":{"line":21,"column":9},"end":{"line":21,"column":22}},"loc":{"start":{"line":21,"column":29},"end":{"line":23,"column":1}},"line":21},"2":{"name":"uppercase","decl":{"start":{"line":24,"column":9},"end":{"line":24,"column":18}},"loc":{"start":{"line":24,"column":24},"end":{"line":26,"column":1}},"line":24},"3":{"name":"(anonymous_3)","decl":{"start":{"line":25,"column":29},"end":{"line":25,"column":30}},"loc":{"start":{"line":25,"column":36},"end":{"line":25,"column":51}},"line":25},"4":{"name":"resolveJSType","decl":{"start":{"line":27,"column":9},"end":{"line":27,"column":22}},"loc":{"start":{"line":27,"column":29},"end":{"line":69,"column":1}},"line":27},"5":{"name":"(anonymous_5)","decl":{"start":{"line":55,"column":34},"end":{"line":55,"column":35}},"loc":{"start":{"line":55,"column":41},"end":{"line":55,"column":56}},"line":55},"6":{"name":"resolveTSMembersFromTSObject","decl":{"start":{"line":83,"column":9},"end":{"line":83,"column":37}},"loc":{"start":{"line":83,"column":51},"end":{"line":96,"column":1}},"line":83},"7":{"name":"resolveTSMembersFromTSInterface","decl":{"start":{"line":97,"column":9},"end":{"line":97,"column":40}},"loc":{"start":{"line":97,"column":54},"end":{"line":107,"column":1}},"line":97},"8":{"name":"(anonymous_8)","decl":{"start":{"line":99,"column":22},"end":{"line":99,"column":23}},"loc":{"start":{"line":99,"column":31},"end":{"line":105,"column":5}},"line":99},"9":{"name":"findType","decl":{"start":{"line":108,"column":9},"end":{"line":108,"column":17}},"loc":{"start":{"line":108,"column":31},"end":{"line":110,"column":1}},"line":108},"10":{"name":"(anonymous_10)","decl":{"start":{"line":109,"column":35},"end":{"line":109,"column":36}},"loc":{"start":{"line":109,"column":45},"end":{"line":109,"column":66}},"line":109},"11":{"name":"resolveTSMembersFromTSReference","decl":{"start":{"line":111,"column":9},"end":{"line":111,"column":40}},"loc":{"start":{"line":111,"column":54},"end":{"line":123,"column":1}},"line":111},"12":{"name":"resolveTSMembers","decl":{"start":{"line":124,"column":9},"end":{"line":124,"column":25}},"loc":{"start":{"line":124,"column":39},"end":{"line":135,"column":1}},"line":124},"13":{"name":"setErrorBuilder","decl":{"start":{"line":136,"column":9},"end":{"line":136,"column":24}},"loc":{"start":{"line":136,"column":38},"end":{"line":138,"column":1}},"line":136},"14":{"name":"createSetupExpression","decl":{"start":{"line":139,"column":9},"end":{"line":139,"column":30}},"loc":{"start":{"line":139,"column":48},"end":{"line":192,"column":1}},"line":139},"15":{"name":"(anonymous_15)","decl":{"start":{"line":148,"column":45},"end":{"line":148,"column":46}},"loc":{"start":{"line":148,"column":63},"end":{"line":156,"column":9}},"line":148},"16":{"name":"createComponentVariableDeclaration","decl":{"start":{"line":193,"column":9},"end":{"line":193,"column":43}},"loc":{"start":{"line":193,"column":55},"end":{"line":197,"column":1}},"line":193},"17":{"name":"processVariableDeclaration","decl":{"start":{"line":198,"column":9},"end":{"line":198,"column":35}},"loc":{"start":{"line":198,"column":49},"end":{"line":224,"column":1}},"line":198},"18":{"name":"(anonymous_18)","decl":{"start":{"line":203,"column":35},"end":{"line":203,"column":36}},"loc":{"start":{"line":203,"column":55},"end":{"line":218,"column":5}},"line":203},"19":{"name":"collectTypeDeclaration","decl":{"start":{"line":225,"column":9},"end":{"line":225,"column":31}},"loc":{"start":{"line":225,"column":38},"end":{"line":236,"column":1}},"line":225},"20":{"name":"addVueImport","decl":{"start":{"line":237,"column":9},"end":{"line":237,"column":21}},"loc":{"start":{"line":237,"column":35},"end":{"line":263,"column":1}},"line":237},"21":{"name":"onFnTransformed","decl":{"start":{"line":265,"column":9},"end":{"line":265,"column":24}},"loc":{"start":{"line":265,"column":46},"end":{"line":274,"column":1}},"line":265},"22":{"name":"(anonymous_22)","decl":{"start":{"line":276,"column":25},"end":{"line":276,"column":26}},"loc":{"start":{"line":276,"column":48},"end":{"line":286,"column":5}},"line":276},"23":{"name":"(anonymous_23)","decl":{"start":{"line":287,"column":25},"end":{"line":287,"column":26}},"loc":{"start":{"line":287,"column":48},"end":{"line":291,"column":5}},"line":287},"24":{"name":"(anonymous_24)","decl":{"start":{"line":292,"column":30},"end":{"line":292,"column":31}},"loc":{"start":{"line":292,"column":53},"end":{"line":308,"column":5}},"line":292},"25":{"name":"(anonymous_25)","decl":{"start":{"line":309,"column":28},"end":{"line":309,"column":29}},"loc":{"start":{"line":309,"column":51},"end":{"line":330,"column":5}},"line":309},"26":{"name":"default_1","decl":{"start":{"line":332,"column":9},"end":{"line":332,"column":18}},"loc":{"start":{"line":332,"column":21},"end":{"line":422,"column":1}},"line":332},"27":{"name":"(anonymous_27)","decl":{"start":{"line":334,"column":18},"end":{"line":334,"column":19}},"loc":{"start":{"line":334,"column":43},"end":{"line":336,"column":9}},"line":334},"28":{"name":"(anonymous_28)","decl":{"start":{"line":337,"column":14},"end":{"line":337,"column":15}},"loc":{"start":{"line":337,"column":26},"end":{"line":341,"column":9}},"line":337},"29":{"name":"(anonymous_29)","decl":{"start":{"line":344,"column":16},"end":{"line":344,"column":17}},"loc":{"start":{"line":344,"column":35},"end":{"line":407,"column":17}},"line":344},"30":{"name":"(anonymous_30)","decl":{"start":{"line":357,"column":57},"end":{"line":357,"column":58}},"loc":{"start":{"line":357,"column":70},"end":{"line":357,"column":101}},"line":357},"31":{"name":"(anonymous_31)","decl":{"start":{"line":364,"column":35},"end":{"line":364,"column":36}},"loc":{"start":{"line":364,"column":44},"end":{"line":369,"column":21}},"line":364},"32":{"name":"(anonymous_32)","decl":{"start":{"line":370,"column":58},"end":{"line":370,"column":59}},"loc":{"start":{"line":370,"column":71},"end":{"line":370,"column":101}},"line":370},"33":{"name":"(anonymous_33)","decl":{"start":{"line":408,"column":16},"end":{"line":408,"column":17}},"loc":{"start":{"line":408,"column":34},"end":{"line":418,"column":17}},"line":408}},"branchMap":{"0":{"loc":{"start":{"line":15,"column":8},"end":{"line":17,"column":9}},"type":"if","locations":[{"start":{"line":15,"column":8},"end":{"line":17,"column":9}},{"start":{},"end":{}}],"line":15},"1":{"loc":{"start":{"line":22,"column":11},"end":{"line":22,"column":71}},"type":"binary-expr","locations":[{"start":{"line":22,"column":11},"end":{"line":22,"column":28}},{"start":{"line":22,"column":32},"end":{"line":22,"column":49}},{"start":{"line":22,"column":53},"end":{"line":22,"column":71}}],"line":22},"2":{"loc":{"start":{"line":28,"column":4},"end":{"line":30,"column":5}},"type":"if","locations":[{"start":{"line":28,"column":4},"end":{"line":30,"column":5}},{"start":{},"end":{}}],"line":28},"3":{"loc":{"start":{"line":31,"column":4},"end":{"line":33,"column":5}},"type":"if","locations":[{"start":{"line":31,"column":4},"end":{"line":33,"column":5}},{"start":{},"end":{}}],"line":31},"4":{"loc":{"start":{"line":34,"column":4},"end":{"line":36,"column":5}},"type":"if","locations":[{"start":{"line":34,"column":4},"end":{"line":36,"column":5}},{"start":{},"end":{}}],"line":34},"5":{"loc":{"start":{"line":37,"column":4},"end":{"line":41,"column":5}},"type":"if","locations":[{"start":{"line":37,"column":4},"end":{"line":41,"column":5}},{"start":{},"end":{}}],"line":37},"6":{"loc":{"start":{"line":37,"column":8},"end":{"line":39,"column":43}},"type":"binary-expr","locations":[{"start":{"line":37,"column":8},"end":{"line":37,"column":29}},{"start":{"line":37,"column":33},"end":{"line":37,"column":54}},{"start":{"line":38,"column":9},"end":{"line":38,"column":34}},{"start":{"line":39,"column":12},"end":{"line":39,"column":42}}],"line":37},"7":{"loc":{"start":{"line":42,"column":4},"end":{"line":47,"column":5}},"type":"if","locations":[{"start":{"line":42,"column":4},"end":{"line":47,"column":5}},{"start":{},"end":{}}],"line":42},"8":{"loc":{"start":{"line":43,"column":8},"end":{"line":45,"column":9}},"type":"if","locations":[{"start":{"line":43,"column":8},"end":{"line":45,"column":9}},{"start":{},"end":{}}],"line":43},"9":{"loc":{"start":{"line":48,"column":4},"end":{"line":56,"column":5}},"type":"if","locations":[{"start":{"line":48,"column":4},"end":{"line":56,"column":5}},{"start":{},"end":{}}],"line":48},"10":{"loc":{"start":{"line":50,"column":8},"end":{"line":52,"column":9}},"type":"if","locations":[{"start":{"line":50,"column":8},"end":{"line":52,"column":9}},{"start":{},"end":{}}],"line":50},"11":{"loc":{"start":{"line":50,"column":12},"end":{"line":50,"column":82}},"type":"binary-expr","locations":[{"start":{"line":50,"column":12},"end":{"line":50,"column":45}},{"start":{"line":50,"column":49},"end":{"line":50,"column":82}}],"line":50},"12":{"loc":{"start":{"line":57,"column":4},"end":{"line":63,"column":5}},"type":"if","locations":[{"start":{"line":57,"column":4},"end":{"line":63,"column":5}},{"start":{},"end":{}}],"line":57},"13":{"loc":{"start":{"line":57,"column":8},"end":{"line":58,"column":31}},"type":"binary-expr","locations":[{"start":{"line":57,"column":8},"end":{"line":57,"column":30}},{"start":{"line":57,"column":34},"end":{"line":57,"column":59}},{"start":{"line":58,"column":8},"end":{"line":58,"column":31}}],"line":57},"14":{"loc":{"start":{"line":64,"column":4},"end":{"line":67,"column":5}},"type":"if","locations":[{"start":{"line":64,"column":4},"end":{"line":67,"column":5}},{"start":{},"end":{}}],"line":64},"15":{"loc":{"start":{"line":86,"column":8},"end":{"line":93,"column":9}},"type":"if","locations":[{"start":{"line":86,"column":8},"end":{"line":93,"column":9}},{"start":{"line":91,"column":13},"end":{"line":93,"column":9}}],"line":86},"16":{"loc":{"start":{"line":100,"column":8},"end":{"line":102,"column":9}},"type":"if","locations":[{"start":{"line":100,"column":8},"end":{"line":102,"column":9}},{"start":{},"end":{}}],"line":100},"17":{"loc":{"start":{"line":113,"column":4},"end":{"line":115,"column":5}},"type":"if","locations":[{"start":{"line":113,"column":4},"end":{"line":115,"column":5}},{"start":{},"end":{}}],"line":113},"18":{"loc":{"start":{"line":116,"column":4},"end":{"line":118,"column":5}},"type":"if","locations":[{"start":{"line":116,"column":4},"end":{"line":118,"column":5}},{"start":{},"end":{}}],"line":116},"19":{"loc":{"start":{"line":119,"column":4},"end":{"line":121,"column":5}},"type":"if","locations":[{"start":{"line":119,"column":4},"end":{"line":121,"column":5}},{"start":{},"end":{}}],"line":119},"20":{"loc":{"start":{"line":125,"column":4},"end":{"line":127,"column":5}},"type":"if","locations":[{"start":{"line":125,"column":4},"end":{"line":127,"column":5}},{"start":{},"end":{}}],"line":125},"21":{"loc":{"start":{"line":128,"column":4},"end":{"line":130,"column":5}},"type":"if","locations":[{"start":{"line":128,"column":4},"end":{"line":130,"column":5}},{"start":{},"end":{}}],"line":128},"22":{"loc":{"start":{"line":131,"column":4},"end":{"line":133,"column":5}},"type":"if","locations":[{"start":{"line":131,"column":4},"end":{"line":133,"column":5}},{"start":{},"end":{}}],"line":131},"23":{"loc":{"start":{"line":140,"column":25},"end":{"line":142,"column":14}},"type":"cond-expr","locations":[{"start":{"line":141,"column":10},"end":{"line":141,"column":78}},{"start":{"line":142,"column":10},"end":{"line":142,"column":14}}],"line":140},"24":{"loc":{"start":{"line":144,"column":21},"end":{"line":146,"column":45}},"type":"cond-expr","locations":[{"start":{"line":145,"column":10},"end":{"line":145,"column":39}},{"start":{"line":146,"column":11},"end":{"line":146,"column":44}}],"line":144},"25":{"loc":{"start":{"line":146,"column":11},"end":{"line":146,"column":44}},"type":"binary-expr","locations":[{"start":{"line":146,"column":11},"end":{"line":146,"column":30}},{"start":{"line":146,"column":34},"end":{"line":146,"column":44}}],"line":146},"26":{"loc":{"start":{"line":147,"column":4},"end":{"line":157,"column":5}},"type":"if","locations":[{"start":{"line":147,"column":4},"end":{"line":157,"column":5}},{"start":{},"end":{}}],"line":147},"27":{"loc":{"start":{"line":150,"column":12},"end":{"line":155,"column":13}},"type":"if","locations":[{"start":{"line":150,"column":12},"end":{"line":155,"column":13}},{"start":{"line":153,"column":17},"end":{"line":155,"column":13}}],"line":150},"28":{"loc":{"start":{"line":150,"column":16},"end":{"line":150,"column":47}},"type":"binary-expr","locations":[{"start":{"line":150,"column":16},"end":{"line":150,"column":22}},{"start":{"line":150,"column":26},"end":{"line":150,"column":47}}],"line":150},"29":{"loc":{"start":{"line":158,"column":17},"end":{"line":158,"column":32}},"type":"binary-expr","locations":[{"start":{"line":158,"column":17},"end":{"line":158,"column":26}},{"start":{"line":158,"column":30},"end":{"line":158,"column":32}}],"line":158},"30":{"loc":{"start":{"line":159,"column":23},"end":{"line":159,"column":38}},"type":"binary-expr","locations":[{"start":{"line":159,"column":23},"end":{"line":159,"column":32}},{"start":{"line":159,"column":36},"end":{"line":159,"column":38}}],"line":159},"31":{"loc":{"start":{"line":160,"column":4},"end":{"line":163,"column":5}},"type":"if","locations":[{"start":{"line":160,"column":4},"end":{"line":163,"column":5}},{"start":{},"end":{}}],"line":160},"32":{"loc":{"start":{"line":165,"column":18},"end":{"line":167,"column":82}},"type":"cond-expr","locations":[{"start":{"line":166,"column":10},"end":{"line":166,"column":62}},{"start":{"line":167,"column":10},"end":{"line":167,"column":82}}],"line":165},"33":{"loc":{"start":{"line":180,"column":25},"end":{"line":182,"column":61}},"type":"cond-expr","locations":[{"start":{"line":181,"column":10},"end":{"line":181,"column":85}},{"start":{"line":182,"column":10},"end":{"line":182,"column":61}}],"line":180},"34":{"loc":{"start":{"line":181,"column":32},"end":{"line":181,"column":83}},"type":"binary-expr","locations":[{"start":{"line":181,"column":32},"end":{"line":181,"column":62}},{"start":{"line":181,"column":66},"end":{"line":181,"column":83}}],"line":181},"35":{"loc":{"start":{"line":182,"column":10},"end":{"line":182,"column":61}},"type":"binary-expr","locations":[{"start":{"line":182,"column":10},"end":{"line":182,"column":40}},{"start":{"line":182,"column":44},"end":{"line":182,"column":61}}],"line":182},"36":{"loc":{"start":{"line":188,"column":4},"end":{"line":190,"column":5}},"type":"if","locations":[{"start":{"line":188,"column":4},"end":{"line":190,"column":5}},{"start":{},"end":{}}],"line":188},"37":{"loc":{"start":{"line":191,"column":12},"end":{"line":191,"column":71}},"type":"cond-expr","locations":[{"start":{"line":191,"column":31},"end":{"line":191,"column":54}},{"start":{"line":191,"column":57},"end":{"line":191,"column":71}}],"line":191},"38":{"loc":{"start":{"line":200,"column":4},"end":{"line":202,"column":5}},"type":"if","locations":[{"start":{"line":200,"column":4},"end":{"line":202,"column":5}},{"start":{},"end":{}}],"line":200},"39":{"loc":{"start":{"line":206,"column":8},"end":{"line":208,"column":9}},"type":"if","locations":[{"start":{"line":206,"column":8},"end":{"line":208,"column":9}},{"start":{},"end":{}}],"line":206},"40":{"loc":{"start":{"line":209,"column":8},"end":{"line":211,"column":9}},"type":"if","locations":[{"start":{"line":209,"column":8},"end":{"line":211,"column":9}},{"start":{},"end":{}}],"line":209},"41":{"loc":{"start":{"line":209,"column":12},"end":{"line":209,"column":77}},"type":"binary-expr","locations":[{"start":{"line":209,"column":12},"end":{"line":209,"column":40}},{"start":{"line":209,"column":44},"end":{"line":209,"column":77}}],"line":209},"42":{"loc":{"start":{"line":212,"column":8},"end":{"line":214,"column":9}},"type":"if","locations":[{"start":{"line":212,"column":8},"end":{"line":214,"column":9}},{"start":{},"end":{}}],"line":212},"43":{"loc":{"start":{"line":219,"column":4},"end":{"line":222,"column":5}},"type":"if","locations":[{"start":{"line":219,"column":4},"end":{"line":222,"column":5}},{"start":{},"end":{}}],"line":219},"44":{"loc":{"start":{"line":226,"column":4},"end":{"line":234,"column":5}},"type":"if","locations":[{"start":{"line":226,"column":4},"end":{"line":234,"column":5}},{"start":{"line":229,"column":9},"end":{"line":234,"column":5}}],"line":226},"45":{"loc":{"start":{"line":229,"column":9},"end":{"line":234,"column":5}},"type":"if","locations":[{"start":{"line":229,"column":9},"end":{"line":234,"column":5}},{"start":{"line":232,"column":9},"end":{"line":234,"column":5}}],"line":229},"46":{"loc":{"start":{"line":232,"column":9},"end":{"line":234,"column":5}},"type":"if","locations":[{"start":{"line":232,"column":9},"end":{"line":234,"column":5}},{"start":{},"end":{}}],"line":232},"47":{"loc":{"start":{"line":232,"column":13},"end":{"line":232,"column":65}},"type":"binary-expr","locations":[{"start":{"line":232,"column":13},"end":{"line":232,"column":45}},{"start":{"line":232,"column":49},"end":{"line":232,"column":65}}],"line":232},"48":{"loc":{"start":{"line":238,"column":4},"end":{"line":240,"column":5}},"type":"if","locations":[{"start":{"line":238,"column":4},"end":{"line":240,"column":5}},{"start":{},"end":{}}],"line":238},"49":{"loc":{"start":{"line":242,"column":4},"end":{"line":244,"column":5}},"type":"if","locations":[{"start":{"line":242,"column":4},"end":{"line":244,"column":5}},{"start":{},"end":{}}],"line":242},"50":{"loc":{"start":{"line":247,"column":4},"end":{"line":256,"column":5}},"type":"if","locations":[{"start":{"line":247,"column":4},"end":{"line":256,"column":5}},{"start":{},"end":{}}],"line":247},"51":{"loc":{"start":{"line":257,"column":4},"end":{"line":259,"column":5}},"type":"if","locations":[{"start":{"line":257,"column":4},"end":{"line":259,"column":5}},{"start":{},"end":{}}],"line":257},"52":{"loc":{"start":{"line":260,"column":4},"end":{"line":262,"column":5}},"type":"if","locations":[{"start":{"line":260,"column":4},"end":{"line":262,"column":5}},{"start":{},"end":{}}],"line":260},"53":{"loc":{"start":{"line":269,"column":4},"end":{"line":272,"column":5}},"type":"if","locations":[{"start":{"line":269,"column":4},"end":{"line":272,"column":5}},{"start":{},"end":{}}],"line":269},"54":{"loc":{"start":{"line":273,"column":11},"end":{"line":273,"column":30}},"type":"binary-expr","locations":[{"start":{"line":273,"column":11},"end":{"line":273,"column":17}},{"start":{"line":273,"column":21},"end":{"line":273,"column":30}}],"line":273},"55":{"loc":{"start":{"line":278,"column":8},"end":{"line":281,"column":9}},"type":"if","locations":[{"start":{"line":278,"column":8},"end":{"line":281,"column":9}},{"start":{},"end":{}}],"line":278},"56":{"loc":{"start":{"line":294,"column":8},"end":{"line":297,"column":9}},"type":"if","locations":[{"start":{"line":294,"column":8},"end":{"line":297,"column":9}},{"start":{},"end":{}}],"line":294},"57":{"loc":{"start":{"line":299,"column":8},"end":{"line":306,"column":9}},"type":"if","locations":[{"start":{"line":299,"column":8},"end":{"line":306,"column":9}},{"start":{},"end":{}}],"line":299},"58":{"loc":{"start":{"line":300,"column":12},"end":{"line":303,"column":13}},"type":"if","locations":[{"start":{"line":300,"column":12},"end":{"line":303,"column":13}},{"start":{},"end":{}}],"line":300},"59":{"loc":{"start":{"line":300,"column":73},"end":{"line":300,"column":106}},"type":"binary-expr","locations":[{"start":{"line":300,"column":73},"end":{"line":300,"column":93}},{"start":{"line":300,"column":97},"end":{"line":300,"column":106}}],"line":300},"60":{"loc":{"start":{"line":304,"column":41},"end":{"line":304,"column":106}},"type":"binary-expr","locations":[{"start":{"line":304,"column":41},"end":{"line":304,"column":61}},{"start":{"line":304,"column":65},"end":{"line":304,"column":106}}],"line":304},"61":{"loc":{"start":{"line":305,"column":70},"end":{"line":305,"column":135}},"type":"binary-expr","locations":[{"start":{"line":305,"column":70},"end":{"line":305,"column":90}},{"start":{"line":305,"column":94},"end":{"line":305,"column":135}}],"line":305},"62":{"loc":{"start":{"line":311,"column":8},"end":{"line":314,"column":9}},"type":"if","locations":[{"start":{"line":311,"column":8},"end":{"line":314,"column":9}},{"start":{},"end":{}}],"line":311},"63":{"loc":{"start":{"line":316,"column":8},"end":{"line":328,"column":9}},"type":"if","locations":[{"start":{"line":316,"column":8},"end":{"line":328,"column":9}},{"start":{"line":325,"column":13},"end":{"line":328,"column":9}}],"line":316},"64":{"loc":{"start":{"line":317,"column":12},"end":{"line":320,"column":13}},"type":"if","locations":[{"start":{"line":317,"column":12},"end":{"line":320,"column":13}},{"start":{},"end":{}}],"line":317},"65":{"loc":{"start":{"line":325,"column":13},"end":{"line":328,"column":9}},"type":"if","locations":[{"start":{"line":325,"column":13},"end":{"line":328,"column":9}},{"start":{},"end":{}}],"line":325},"66":{"loc":{"start":{"line":335,"column":69},"end":{"line":335,"column":78}},"type":"binary-expr","locations":[{"start":{"line":335,"column":69},"end":{"line":335,"column":72}},{"start":{"line":335,"column":76},"end":{"line":335,"column":78}}],"line":335},"67":{"loc":{"start":{"line":345,"column":20},"end":{"line":348,"column":21}},"type":"if","locations":[{"start":{"line":345,"column":20},"end":{"line":348,"column":21}},{"start":{},"end":{}}],"line":345},"68":{"loc":{"start":{"line":350,"column":76},"end":{"line":350,"column":92}},"type":"binary-expr","locations":[{"start":{"line":350,"column":76},"end":{"line":350,"column":86}},{"start":{"line":350,"column":90},"end":{"line":350,"column":92}}],"line":350},"69":{"loc":{"start":{"line":358,"column":20},"end":{"line":362,"column":21}},"type":"if","locations":[{"start":{"line":358,"column":20},"end":{"line":362,"column":21}},{"start":{},"end":{}}],"line":358},"70":{"loc":{"start":{"line":366,"column":24},"end":{"line":368,"column":25}},"type":"if","locations":[{"start":{"line":366,"column":24},"end":{"line":368,"column":25}},{"start":{},"end":{}}],"line":366},"71":{"loc":{"start":{"line":373,"column":24},"end":{"line":375,"column":25}},"type":"if","locations":[{"start":{"line":373,"column":24},"end":{"line":375,"column":25}},{"start":{},"end":{}}],"line":373},"72":{"loc":{"start":{"line":376,"column":24},"end":{"line":378,"column":25}},"type":"if","locations":[{"start":{"line":376,"column":24},"end":{"line":378,"column":25}},{"start":{},"end":{}}],"line":376},"73":{"loc":{"start":{"line":380,"column":24},"end":{"line":382,"column":25}},"type":"if","locations":[{"start":{"line":380,"column":24},"end":{"line":382,"column":25}},{"start":{},"end":{}}],"line":380},"74":{"loc":{"start":{"line":385,"column":28},"end":{"line":389,"column":29}},"type":"if","locations":[{"start":{"line":385,"column":28},"end":{"line":389,"column":29}},{"start":{},"end":{}}],"line":385},"75":{"loc":{"start":{"line":390,"column":28},"end":{"line":393,"column":29}},"type":"if","locations":[{"start":{"line":390,"column":28},"end":{"line":393,"column":29}},{"start":{},"end":{}}],"line":390},"76":{"loc":{"start":{"line":394,"column":28},"end":{"line":403,"column":29}},"type":"if","locations":[{"start":{"line":394,"column":28},"end":{"line":403,"column":29}},{"start":{},"end":{}}],"line":394},"77":{"loc":{"start":{"line":396,"column":32},"end":{"line":402,"column":33}},"type":"if","locations":[{"start":{"line":396,"column":32},"end":{"line":402,"column":33}},{"start":{"line":399,"column":37},"end":{"line":402,"column":33}}],"line":396},"78":{"loc":{"start":{"line":399,"column":37},"end":{"line":402,"column":33}},"type":"if","locations":[{"start":{"line":399,"column":37},"end":{"line":402,"column":33}},{"start":{},"end":{}}],"line":399}},"s":{"0":4,"1":4,"2":4,"3":4,"4":4,"5":4,"6":4,"7":4,"8":0,"9":0,"10":0,"11":0,"12":0,"13":0,"14":717,"15":427,"16":427,"17":815,"18":51,"19":764,"20":47,"21":717,"22":51,"23":666,"24":94,"25":572,"26":427,"27":427,"28":0,"29":145,"30":0,"31":0,"32":0,"33":0,"34":0,"35":0,"36":145,"37":47,"38":98,"39":0,"40":98,"41":4,"42":4,"43":28,"44":28,"45":322,"46":322,"47":322,"48":0,"49":28,"50":29,"51":29,"52":493,"53":0,"54":493,"55":29,"56":39,"57":105,"58":39,"59":39,"60":0,"61":39,"62":29,"63":10,"64":10,"65":0,"66":69,"67":28,"68":41,"69":39,"70":2,"71":2,"72":0,"73":253,"74":114,"75":114,"76":114,"77":114,"78":57,"79":815,"80":815,"81":290,"82":525,"83":114,"84":114,"85":114,"86":59,"87":114,"88":114,"89":114,"90":114,"91":114,"92":114,"93":114,"94":114,"95":114,"96":114,"97":55,"98":114,"99":96,"100":111,"101":111,"102":0,"103":111,"104":111,"105":111,"106":111,"107":0,"108":111,"109":47,"110":64,"111":34,"112":30,"113":30,"114":30,"115":111,"116":30,"117":30,"118":81,"119":262,"120":38,"121":224,"122":16,"123":208,"124":20,"125":188,"126":114,"127":95,"128":19,"129":19,"130":4,"131":15,"132":15,"133":2,"134":2,"135":2,"136":2,"137":2,"138":13,"139":8,"140":13,"141":9,"142":4,"143":114,"144":114,"145":114,"146":114,"147":14,"148":14,"149":114,"150":4,"151":84,"152":84,"153":22,"154":22,"155":62,"156":62,"157":62,"158":111,"159":111,"160":111,"161":19,"162":19,"163":0,"164":0,"165":19,"166":19,"167":19,"168":1,"169":1,"170":18,"171":18,"172":18,"173":20,"174":20,"175":16,"176":16,"177":4,"178":4,"179":4,"180":0,"181":0,"182":4,"183":4,"184":0,"185":0,"186":4,"187":40,"188":40,"189":47,"190":47,"191":47,"192":47,"193":28,"194":28,"195":19,"196":19,"197":19,"198":19,"199":19,"200":19,"201":19,"202":19,"203":19,"204":271,"205":19,"206":0,"207":0,"208":19,"209":19,"210":242,"211":242,"212":54,"213":19,"214":271,"215":19,"216":19,"217":29,"218":29,"219":0,"220":29,"221":10,"222":19,"223":19,"224":0,"225":19,"226":19,"227":32,"228":32,"229":4,"230":4,"231":28,"232":2,"233":2,"234":26,"235":26,"236":26,"237":7,"238":19,"239":4,"240":19,"241":19,"242":19,"243":19,"244":19,"245":19,"246":19,"247":19,"248":19,"249":19,"250":4},"f":{"0":0,"1":717,"2":427,"3":427,"4":815,"5":0,"6":28,"7":29,"8":493,"9":39,"10":105,"11":39,"12":69,"13":253,"14":114,"15":815,"16":96,"17":111,"18":111,"19":262,"20":114,"21":114,"22":84,"23":111,"24":19,"25":20,"26":40,"27":40,"28":47,"29":47,"30":271,"31":242,"32":271,"33":19},"b":{"0":[0,0],"1":[717,619,525],"2":[51,764],"3":[47,717],"4":[51,666],"5":[94,572],"6":[666,619,619,474],"7":[427,145],"8":[427,0],"9":[0,145],"10":[0,0],"11":[0,0],"12":[47,98],"13":[145,145,145],"14":[0,98],"15":[322,0],"16":[0,493],"17":[0,39],"18":[29,10],"19":[10,0],"20":[28,41],"21":[39,2],"22":[2,0],"23":[59,55],"24":[28,86],"25":[86,49],"26":[57,57],"27":[290,525],"28":[815,717],"29":[114,0],"30":[114,0],"31":[59,55],"32":[0,114],"33":[28,86],"34":[28,28],"35":[86,50],"36":[55,59],"37":[59,55],"38":[0,111],"39":[0,111],"40":[47,64],"41":[111,47],"42":[34,30],"43":[30,81],"44":[38,224],"45":[16,208],"46":[20,188],"47":[208,20],"48":[95,19],"49":[4,15],"50":[2,13],"51":[8,5],"52":[9,4],"53":[14,100],"54":[114,0],"55":[22,62],"56":[0,19],"57":[19,0],"58":[1,18],"59":[19,19],"60":[18,18],"61":[18,18],"62":[16,4],"63":[4,0],"64":[0,4],"65":[0,0],"66":[40,0],"67":[28,19],"68":[19,0],"69":[0,19],"70":[54,188],"71":[0,29],"72":[10,19],"73":[0,19],"74":[4,28],"75":[2,26],"76":[26,0],"77":[7,19],"78":[4,15]},"_coverageSchema":"1a1c01bbd47fc00a2c39e90264f33305004495a9","hash":"8490eada1a3b63450e3b8a17a6c349a2488a4439"}
,"/Users/dsc/Documents/ws/privacy/pp/lib/config.js": {"path":"/Users/dsc/Documents/ws/privacy/pp/lib/config.js","statementMap":{"0":{"start":{"line":2,"column":0},"end":{"line":2,"column":62}},"1":{"start":{"line":3,"column":0},"end":{"line":3,"column":80}},"2":{"start":{"line":4,"column":16},"end":{"line":4,"column":32}},"3":{"start":{"line":5,"column":21},"end":{"line":5,"column":67}},"4":{"start":{"line":6,"column":0},"end":{"line":9,"column":2}},"5":{"start":{"line":11,"column":4},"end":{"line":11,"column":35}},"6":{"start":{"line":14,"column":4},"end":{"line":14,"column":36}},"7":{"start":{"line":18,"column":4},"end":{"line":20,"column":5}},"8":{"start":{"line":19,"column":8},"end":{"line":19,"column":21}},"9":{"start":{"line":21,"column":4},"end":{"line":24,"column":5}},"10":{"start":{"line":23,"column":8},"end":{"line":23,"column":31}},"11":{"start":{"line":25,"column":4},"end":{"line":27,"column":5}},"12":{"start":{"line":26,"column":8},"end":{"line":26,"column":38}},"13":{"start":{"line":28,"column":4},"end":{"line":28,"column":64}},"14":{"start":{"line":30,"column":0},"end":{"line":30,"column":40}},"15":{"start":{"line":32,"column":4},"end":{"line":34,"column":5}},"16":{"start":{"line":33,"column":8},"end":{"line":33,"column":20}},"17":{"start":{"line":36,"column":19},"end":{"line":36,"column":37}},"18":{"start":{"line":37,"column":4},"end":{"line":39,"column":5}},"19":{"start":{"line":38,"column":8},"end":{"line":38,"column":44}},"20":{"start":{"line":40,"column":4},"end":{"line":42,"column":5}},"21":{"start":{"line":41,"column":8},"end":{"line":41,"column":21}},"22":{"start":{"line":43,"column":4},"end":{"line":43,"column":60}},"23":{"start":{"line":45,"column":0},"end":{"line":45,"column":36}}},"fnMap":{"0":{"name":"isTSX","decl":{"start":{"line":10,"column":9},"end":{"line":10,"column":14}},"loc":{"start":{"line":10,"column":25},"end":{"line":12,"column":1}},"line":10},"1":{"name":"isJS","decl":{"start":{"line":13,"column":9},"end":{"line":13,"column":13}},"loc":{"start":{"line":13,"column":24},"end":{"line":15,"column":1}},"line":13},"2":{"name":"canProcessFile","decl":{"start":{"line":16,"column":9},"end":{"line":16,"column":23}},"loc":{"start":{"line":16,"column":48},"end":{"line":29,"column":1}},"line":16},"3":{"name":"canProcessFn","decl":{"start":{"line":31,"column":9},"end":{"line":31,"column":21}},"loc":{"start":{"line":31,"column":54},"end":{"line":44,"column":1}},"line":31}},"branchMap":{"0":{"loc":{"start":{"line":18,"column":4},"end":{"line":20,"column":5}},"type":"if","locations":[{"start":{"line":18,"column":4},"end":{"line":20,"column":5}},{"start":{},"end":{}}],"line":18},"1":{"loc":{"start":{"line":21,"column":4},"end":{"line":24,"column":5}},"type":"if","locations":[{"start":{"line":21,"column":4},"end":{"line":24,"column":5}},{"start":{},"end":{}}],"line":21},"2":{"loc":{"start":{"line":25,"column":4},"end":{"line":27,"column":5}},"type":"if","locations":[{"start":{"line":25,"column":4},"end":{"line":27,"column":5}},{"start":{},"end":{}}],"line":25},"3":{"loc":{"start":{"line":32,"column":4},"end":{"line":34,"column":5}},"type":"if","locations":[{"start":{"line":32,"column":4},"end":{"line":34,"column":5}},{"start":{},"end":{}}],"line":32},"4":{"loc":{"start":{"line":36,"column":19},"end":{"line":36,"column":37}},"type":"binary-expr","locations":[{"start":{"line":36,"column":19},"end":{"line":36,"column":23}},{"start":{"line":36,"column":27},"end":{"line":36,"column":37}}],"line":36},"5":{"loc":{"start":{"line":37,"column":4},"end":{"line":39,"column":5}},"type":"if","locations":[{"start":{"line":37,"column":4},"end":{"line":39,"column":5}},{"start":{},"end":{}}],"line":37},"6":{"loc":{"start":{"line":40,"column":4},"end":{"line":42,"column":5}},"type":"if","locations":[{"start":{"line":40,"column":4},"end":{"line":42,"column":5}},{"start":{},"end":{}}],"line":40}},"s":{"0":4,"1":4,"2":4,"3":4,"4":4,"5":17,"6":47,"7":47,"8":9,"9":38,"10":17,"11":21,"12":3,"13":18,"14":4,"15":171,"16":0,"17":171,"18":171,"19":0,"20":171,"21":0,"22":171,"23":4},"f":{"0":17,"1":47,"2":47,"3":171},"b":{"0":[9,38],"1":[17,21],"2":[3,18],"3":[0,171],"4":[171,0],"5":[0,171],"6":[0,171]},"_coverageSchema":"1a1c01bbd47fc00a2c39e90264f33305004495a9","hash":"6654d9b8d01dff8f002df0fc8a1dbd6ef2ecded4"}
,"/Users/dsc/Documents/ws/privacy/pp/tests/translate.ts": {"path":"/Users/dsc/Documents/ws/privacy/pp/tests/translate.ts","statementMap":{"0":{"start":{"line":7,"column":16},"end":{"line":7,"column":53}},"1":{"start":{"line":8,"column":4},"end":{"line":8,"column":42}},"2":{"start":{"line":9,"column":4},"end":{"line":9,"column":61}},"3":{"start":{"line":14,"column":25},"end":{"line":16,"column":5}},"4":{"start":{"line":17,"column":4},"end":{"line":21,"column":5}},"5":{"start":{"line":18,"column":8},"end":{"line":20,"column":9}},"6":{"start":{"line":22,"column":16},"end":{"line":27,"column":6}},"7":{"start":{"line":28,"column":4},"end":{"line":28,"column":66}},"8":{"start":{"line":29,"column":4},"end":{"line":29,"column":14}}},"fnMap":{"0":{"name":"generate","decl":{"start":{"line":6,"column":9},"end":{"line":6,"column":17}},"loc":{"start":{"line":6,"column":46},"end":{"line":10,"column":1}},"line":6},"1":{"name":"transform","decl":{"start":{"line":13,"column":16},"end":{"line":13,"column":25}},"loc":{"start":{"line":13,"column":85},"end":{"line":30,"column":1}},"line":13}},"branchMap":{"0":{"loc":{"start":{"line":13,"column":67},"end":{"line":13,"column":83}},"type":"default-arg","locations":[{"start":{"line":13,"column":78},"end":{"line":13,"column":83}}],"line":13},"1":{"loc":{"start":{"line":17,"column":4},"end":{"line":21,"column":5}},"type":"if","locations":[{"start":{"line":17,"column":4},"end":{"line":21,"column":5}},{"start":{},"end":{}}],"line":17},"2":{"loc":{"start":{"line":28,"column":50},"end":{"line":28,"column":65}},"type":"binary-expr","locations":[{"start":{"line":28,"column":50},"end":{"line":28,"column":59}},{"start":{"line":28,"column":63},"end":{"line":28,"column":65}}],"line":28}},"s":{"0":47,"1":47,"2":47,"3":47,"4":47,"5":1,"6":47,"7":47,"8":47},"f":{"0":47,"1":47},"b":{"0":[46],"1":[1,46],"2":[47,0]},"_coverageSchema":"1a1c01bbd47fc00a2c39e90264f33305004495a9","hash":"c9d39c055b28481e117fecdd9096dae78216b4ed"}
}
