{"/Users/dsc/Documents/ws/privacy/pp/lib/babel-plugin.js": {"path":"/Users/dsc/Documents/ws/privacy/pp/lib/babel-plugin.js","statementMap":{"0":{"start":{"line":2,"column":0},"end":{"line":2,"column":62}},"1":{"start":{"line":3,"column":16},"end":{"line":3,"column":32}},"2":{"start":{"line":5,"column":35},"end":{"line":5,"column":102}},"3":{"start":{"line":6,"column":19},"end":{"line":6,"column":70}},"4":{"start":{"line":7,"column":10},"end":{"line":7,"column":55}},"5":{"start":{"line":8,"column":15},"end":{"line":8,"column":55}},"6":{"start":{"line":9,"column":17},"end":{"line":9,"column":36}},"7":{"start":{"line":11,"column":29},"end":{"line":11,"column":35}},"8":{"start":{"line":12,"column":22},"end":{"line":12,"column":42}},"9":{"start":{"line":13,"column":4},"end":{"line":17,"column":5}},"10":{"start":{"line":14,"column":8},"end":{"line":16,"column":9}},"11":{"start":{"line":15,"column":12},"end":{"line":15,"column":24}},"12":{"start":{"line":18,"column":4},"end":{"line":18,"column":21}},"13":{"start":{"line":21,"column":4},"end":{"line":21,"column":72}},"14":{"start":{"line":24,"column":4},"end":{"line":24,"column":51}},"15":{"start":{"line":24,"column":34},"end":{"line":24,"column":49}},"16":{"start":{"line":27,"column":4},"end":{"line":29,"column":5}},"17":{"start":{"line":28,"column":8},"end":{"line":28,"column":24}},"18":{"start":{"line":30,"column":4},"end":{"line":32,"column":5}},"19":{"start":{"line":31,"column":8},"end":{"line":31,"column":24}},"20":{"start":{"line":33,"column":4},"end":{"line":35,"column":5}},"21":{"start":{"line":34,"column":8},"end":{"line":34,"column":25}},"22":{"start":{"line":36,"column":4},"end":{"line":38,"column":5}},"23":{"start":{"line":37,"column":8},"end":{"line":37,"column":23}},"24":{"start":{"line":39,"column":4},"end":{"line":44,"column":5}},"25":{"start":{"line":40,"column":8},"end":{"line":42,"column":9}},"26":{"start":{"line":41,"column":12},"end":{"line":41,"column":49}},"27":{"start":{"line":43,"column":8},"end":{"line":43,"column":20}},"28":{"start":{"line":45,"column":4},"end":{"line":53,"column":5}},"29":{"start":{"line":47,"column":8},"end":{"line":49,"column":9}},"30":{"start":{"line":48,"column":12},"end":{"line":48,"column":24}},"31":{"start":{"line":50,"column":22},"end":{"line":50,"column":40}},"32":{"start":{"line":51,"column":21},"end":{"line":51,"column":33}},"33":{"start":{"line":52,"column":8},"end":{"line":52,"column":56}},"34":{"start":{"line":52,"column":39},"end":{"line":52,"column":54}},"35":{"start":{"line":54,"column":4},"end":{"line":59,"column":5}},"36":{"start":{"line":58,"column":8},"end":{"line":58,"column":24}},"37":{"start":{"line":60,"column":4},"end":{"line":63,"column":5}},"38":{"start":{"line":62,"column":8},"end":{"line":62,"column":41}},"39":{"start":{"line":64,"column":4},"end":{"line":64,"column":16}},"40":{"start":{"line":66,"column":23},"end":{"line":72,"column":2}},"41":{"start":{"line":73,"column":32},"end":{"line":78,"column":2}},"42":{"start":{"line":80,"column":21},"end":{"line":80,"column":23}},"43":{"start":{"line":81,"column":4},"end":{"line":89,"column":5}},"44":{"start":{"line":82,"column":8},"end":{"line":88,"column":9}},"45":{"start":{"line":83,"column":25},"end":{"line":83,"column":40}},"46":{"start":{"line":84,"column":12},"end":{"line":84,"column":66}},"47":{"start":{"line":87,"column":12},"end":{"line":87,"column":72}},"48":{"start":{"line":90,"column":4},"end":{"line":90,"column":20}},"49":{"start":{"line":93,"column":21},"end":{"line":93,"column":23}},"50":{"start":{"line":94,"column":4},"end":{"line":99,"column":7}},"51":{"start":{"line":95,"column":8},"end":{"line":97,"column":9}},"52":{"start":{"line":96,"column":12},"end":{"line":96,"column":77}},"53":{"start":{"line":98,"column":8},"end":{"line":98,"column":67}},"54":{"start":{"line":100,"column":4},"end":{"line":100,"column":20}},"55":{"start":{"line":103,"column":4},"end":{"line":103,"column":66}},"56":{"start":{"line":103,"column":43},"end":{"line":103,"column":64}},"57":{"start":{"line":106,"column":25},"end":{"line":106,"column":60}},"58":{"start":{"line":107,"column":4},"end":{"line":109,"column":5}},"59":{"start":{"line":108,"column":8},"end":{"line":108,"column":79}},"60":{"start":{"line":110,"column":4},"end":{"line":112,"column":5}},"61":{"start":{"line":111,"column":8},"end":{"line":111,"column":73}},"62":{"start":{"line":113,"column":4},"end":{"line":115,"column":5}},"63":{"start":{"line":114,"column":8},"end":{"line":114,"column":68}},"64":{"start":{"line":116,"column":4},"end":{"line":116,"column":63}},"65":{"start":{"line":119,"column":4},"end":{"line":121,"column":5}},"66":{"start":{"line":120,"column":8},"end":{"line":120,"column":57}},"67":{"start":{"line":122,"column":4},"end":{"line":124,"column":5}},"68":{"start":{"line":123,"column":8},"end":{"line":123,"column":60}},"69":{"start":{"line":125,"column":4},"end":{"line":127,"column":5}},"70":{"start":{"line":126,"column":8},"end":{"line":126,"column":20}},"71":{"start":{"line":128,"column":4},"end":{"line":128,"column":62}},"72":{"start":{"line":131,"column":4},"end":{"line":131,"column":68}},"73":{"start":{"line":134,"column":25},"end":{"line":134,"column":117}},"74":{"start":{"line":135,"column":21},"end":{"line":135,"column":23}},"75":{"start":{"line":136,"column":21},"end":{"line":136,"column":106}},"76":{"start":{"line":137,"column":4},"end":{"line":147,"column":5}},"77":{"start":{"line":138,"column":8},"end":{"line":146,"column":11}},"78":{"start":{"line":139,"column":27},"end":{"line":139,"column":46}},"79":{"start":{"line":140,"column":12},"end":{"line":145,"column":13}},"80":{"start":{"line":141,"column":16},"end":{"line":141,"column":90}},"81":{"start":{"line":144,"column":16},"end":{"line":144,"column":193}},"82":{"start":{"line":148,"column":17},"end":{"line":148,"column":32}},"83":{"start":{"line":149,"column":19},"end":{"line":149,"column":39}},"84":{"start":{"line":150,"column":4},"end":{"line":153,"column":5}},"85":{"start":{"line":152,"column":8},"end":{"line":152,"column":42}},"86":{"start":{"line":154,"column":20},"end":{"line":154,"column":51}},"87":{"start":{"line":155,"column":18},"end":{"line":155,"column":155}},"88":{"start":{"line":157,"column":4},"end":{"line":157,"column":27}},"89":{"start":{"line":158,"column":4},"end":{"line":158,"column":35}},"90":{"start":{"line":162,"column":4},"end":{"line":162,"column":35}},"91":{"start":{"line":164,"column":4},"end":{"line":164,"column":37}},"92":{"start":{"line":167,"column":4},"end":{"line":167,"column":45}},"93":{"start":{"line":168,"column":25},"end":{"line":168,"column":172}},"94":{"start":{"line":169,"column":23},"end":{"line":173,"column":5}},"95":{"start":{"line":174,"column":4},"end":{"line":176,"column":5}},"96":{"start":{"line":175,"column":8},"end":{"line":175,"column":61}},"97":{"start":{"line":177,"column":4},"end":{"line":177,"column":85}},"98":{"start":{"line":180,"column":4},"end":{"line":180,"column":91}},"99":{"start":{"line":183,"column":29},"end":{"line":183,"column":56}},"100":{"start":{"line":184,"column":4},"end":{"line":186,"column":5}},"101":{"start":{"line":185,"column":8},"end":{"line":185,"column":15}},"102":{"start":{"line":187,"column":4},"end":{"line":202,"column":7}},"103":{"start":{"line":188,"column":21},"end":{"line":188,"column":36}},"104":{"start":{"line":189,"column":20},"end":{"line":189,"column":32}},"105":{"start":{"line":190,"column":8},"end":{"line":192,"column":9}},"106":{"start":{"line":191,"column":12},"end":{"line":191,"column":19}},"107":{"start":{"line":193,"column":8},"end":{"line":195,"column":9}},"108":{"start":{"line":194,"column":12},"end":{"line":194,"column":19}},"109":{"start":{"line":196,"column":8},"end":{"line":198,"column":9}},"110":{"start":{"line":197,"column":12},"end":{"line":197,"column":19}},"111":{"start":{"line":199,"column":8},"end":{"line":199,"column":42}},"112":{"start":{"line":200,"column":8},"end":{"line":200,"column":43}},"113":{"start":{"line":201,"column":8},"end":{"line":201,"column":108}},"114":{"start":{"line":203,"column":4},"end":{"line":206,"column":5}},"115":{"start":{"line":204,"column":8},"end":{"line":204,"column":22}},"116":{"start":{"line":205,"column":8},"end":{"line":205,"column":15}},"117":{"start":{"line":207,"column":4},"end":{"line":207,"column":46}},"118":{"start":{"line":210,"column":4},"end":{"line":218,"column":5}},"119":{"start":{"line":211,"column":8},"end":{"line":211,"column":20}},"120":{"start":{"line":213,"column":9},"end":{"line":218,"column":5}},"121":{"start":{"line":214,"column":8},"end":{"line":214,"column":20}},"122":{"start":{"line":216,"column":9},"end":{"line":218,"column":5}},"123":{"start":{"line":217,"column":8},"end":{"line":217,"column":56}},"124":{"start":{"line":219,"column":4},"end":{"line":219,"column":16}},"125":{"start":{"line":222,"column":4},"end":{"line":224,"column":5}},"126":{"start":{"line":223,"column":8},"end":{"line":223,"column":15}},"127":{"start":{"line":225,"column":4},"end":{"line":225,"column":26}},"128":{"start":{"line":226,"column":4},"end":{"line":228,"column":5}},"129":{"start":{"line":227,"column":8},"end":{"line":227,"column":15}},"130":{"start":{"line":229,"column":23},"end":{"line":229,"column":41}},"131":{"start":{"line":231,"column":4},"end":{"line":237,"column":5}},"132":{"start":{"line":232,"column":8},"end":{"line":232,"column":234}},"133":{"start":{"line":233,"column":8},"end":{"line":233,"column":45}},"134":{"start":{"line":234,"column":8},"end":{"line":234,"column":41}},"135":{"start":{"line":235,"column":8},"end":{"line":235,"column":59}},"136":{"start":{"line":236,"column":8},"end":{"line":236,"column":15}},"137":{"start":{"line":238,"column":4},"end":{"line":240,"column":5}},"138":{"start":{"line":239,"column":8},"end":{"line":239,"column":108}},"139":{"start":{"line":241,"column":4},"end":{"line":243,"column":5}},"140":{"start":{"line":242,"column":8},"end":{"line":242,"column":122}},"141":{"start":{"line":246,"column":4},"end":{"line":246,"column":39}},"142":{"start":{"line":247,"column":4},"end":{"line":247,"column":43}},"143":{"start":{"line":249,"column":18},"end":{"line":305,"column":1}},"144":{"start":{"line":251,"column":8},"end":{"line":251,"column":37}},"145":{"start":{"line":252,"column":8},"end":{"line":255,"column":9}},"146":{"start":{"line":253,"column":12},"end":{"line":253,"column":24}},"147":{"start":{"line":254,"column":12},"end":{"line":254,"column":19}},"148":{"start":{"line":257,"column":8},"end":{"line":257,"column":56}},"149":{"start":{"line":258,"column":8},"end":{"line":258,"column":140}},"150":{"start":{"line":259,"column":8},"end":{"line":259,"column":20}},"151":{"start":{"line":262,"column":8},"end":{"line":262,"column":37}},"152":{"start":{"line":263,"column":8},"end":{"line":263,"column":48}},"153":{"start":{"line":264,"column":8},"end":{"line":264,"column":20}},"154":{"start":{"line":267,"column":8},"end":{"line":267,"column":37}},"155":{"start":{"line":268,"column":8},"end":{"line":271,"column":9}},"156":{"start":{"line":269,"column":12},"end":{"line":269,"column":24}},"157":{"start":{"line":270,"column":12},"end":{"line":270,"column":19}},"158":{"start":{"line":272,"column":28},"end":{"line":272,"column":49}},"159":{"start":{"line":273,"column":8},"end":{"line":280,"column":9}},"160":{"start":{"line":274,"column":12},"end":{"line":277,"column":13}},"161":{"start":{"line":275,"column":16},"end":{"line":275,"column":28}},"162":{"start":{"line":276,"column":16},"end":{"line":276,"column":23}},"163":{"start":{"line":278,"column":12},"end":{"line":278,"column":108}},"164":{"start":{"line":279,"column":12},"end":{"line":279,"column":158}},"165":{"start":{"line":281,"column":8},"end":{"line":281,"column":20}},"166":{"start":{"line":284,"column":8},"end":{"line":284,"column":37}},"167":{"start":{"line":285,"column":8},"end":{"line":288,"column":9}},"168":{"start":{"line":286,"column":12},"end":{"line":286,"column":24}},"169":{"start":{"line":287,"column":12},"end":{"line":287,"column":19}},"170":{"start":{"line":289,"column":28},"end":{"line":289,"column":49}},"171":{"start":{"line":290,"column":8},"end":{"line":302,"column":9}},"172":{"start":{"line":291,"column":12},"end":{"line":294,"column":13}},"173":{"start":{"line":292,"column":16},"end":{"line":292,"column":28}},"174":{"start":{"line":293,"column":16},"end":{"line":293,"column":23}},"175":{"start":{"line":296,"column":12},"end":{"line":296,"column":62}},"176":{"start":{"line":297,"column":12},"end":{"line":297,"column":93}},"177":{"start":{"line":299,"column":13},"end":{"line":302,"column":9}},"178":{"start":{"line":301,"column":12},"end":{"line":301,"column":71}},"179":{"start":{"line":303,"column":8},"end":{"line":303,"column":20}},"180":{"start":{"line":307,"column":4},"end":{"line":388,"column":6}},"181":{"start":{"line":309,"column":12},"end":{"line":309,"column":100}},"182":{"start":{"line":314,"column":20},"end":{"line":317,"column":21}},"183":{"start":{"line":315,"column":24},"end":{"line":315,"column":36}},"184":{"start":{"line":316,"column":24},"end":{"line":316,"column":31}},"185":{"start":{"line":318,"column":20},"end":{"line":318,"column":49}},"186":{"start":{"line":319,"column":42},"end":{"line":319,"column":95}},"187":{"start":{"line":320,"column":20},"end":{"line":320,"column":47}},"188":{"start":{"line":321,"column":20},"end":{"line":321,"column":48}},"189":{"start":{"line":322,"column":20},"end":{"line":322,"column":63}},"190":{"start":{"line":323,"column":20},"end":{"line":323,"column":52}},"191":{"start":{"line":324,"column":20},"end":{"line":324,"column":50}},"192":{"start":{"line":325,"column":20},"end":{"line":325,"column":41}},"193":{"start":{"line":326,"column":35},"end":{"line":326,"column":100}},"194":{"start":{"line":326,"column":68},"end":{"line":326,"column":99}},"195":{"start":{"line":327,"column":20},"end":{"line":331,"column":21}},"196":{"start":{"line":329,"column":24},"end":{"line":329,"column":36}},"197":{"start":{"line":330,"column":24},"end":{"line":330,"column":31}},"198":{"start":{"line":332,"column":20},"end":{"line":332,"column":43}},"199":{"start":{"line":333,"column":20},"end":{"line":338,"column":23}},"200":{"start":{"line":334,"column":44},"end":{"line":334,"column":71}},"201":{"start":{"line":335,"column":24},"end":{"line":337,"column":25}},"202":{"start":{"line":336,"column":28},"end":{"line":336,"column":64}},"203":{"start":{"line":339,"column":36},"end":{"line":339,"column":100}},"204":{"start":{"line":339,"column":69},"end":{"line":339,"column":99}},"205":{"start":{"line":340,"column":20},"end":{"line":374,"column":21}},"206":{"start":{"line":340,"column":33},"end":{"line":340,"column":34}},"207":{"start":{"line":341,"column":40},"end":{"line":341,"column":57}},"208":{"start":{"line":342,"column":24},"end":{"line":344,"column":25}},"209":{"start":{"line":343,"column":28},"end":{"line":343,"column":37}},"210":{"start":{"line":345,"column":24},"end":{"line":347,"column":25}},"211":{"start":{"line":346,"column":28},"end":{"line":346,"column":37}},"212":{"start":{"line":348,"column":43},"end":{"line":348,"column":61}},"213":{"start":{"line":349,"column":24},"end":{"line":351,"column":25}},"214":{"start":{"line":350,"column":28},"end":{"line":350,"column":37}},"215":{"start":{"line":352,"column":24},"end":{"line":372,"column":25}},"216":{"start":{"line":352,"column":37},"end":{"line":352,"column":38}},"217":{"start":{"line":353,"column":46},"end":{"line":353,"column":59}},"218":{"start":{"line":354,"column":28},"end":{"line":358,"column":29}},"219":{"start":{"line":356,"column":32},"end":{"line":356,"column":71}},"220":{"start":{"line":357,"column":32},"end":{"line":357,"column":41}},"221":{"start":{"line":359,"column":28},"end":{"line":362,"column":29}},"222":{"start":{"line":360,"column":32},"end":{"line":360,"column":61}},"223":{"start":{"line":361,"column":32},"end":{"line":361,"column":41}},"224":{"start":{"line":363,"column":28},"end":{"line":371,"column":29}},"225":{"start":{"line":364,"column":32},"end":{"line":364,"column":61}},"226":{"start":{"line":365,"column":32},"end":{"line":370,"column":33}},"227":{"start":{"line":366,"column":36},"end":{"line":366,"column":79}},"228":{"start":{"line":368,"column":37},"end":{"line":370,"column":33}},"229":{"start":{"line":369,"column":36},"end":{"line":369,"column":90}},"230":{"start":{"line":373,"column":24},"end":{"line":373,"column":56}},"231":{"start":{"line":376,"column":20},"end":{"line":376,"column":48}},"232":{"start":{"line":377,"column":20},"end":{"line":377,"column":63}},"233":{"start":{"line":378,"column":20},"end":{"line":378,"column":52}},"234":{"start":{"line":379,"column":20},"end":{"line":379,"column":50}},"235":{"start":{"line":380,"column":20},"end":{"line":380,"column":58}},"236":{"start":{"line":381,"column":20},"end":{"line":381,"column":57}},"237":{"start":{"line":382,"column":20},"end":{"line":382,"column":51}},"238":{"start":{"line":383,"column":20},"end":{"line":383,"column":47}},"239":{"start":{"line":384,"column":20},"end":{"line":384,"column":46}},"240":{"start":{"line":390,"column":0},"end":{"line":390,"column":28}}},"fnMap":{"0":{"name":"allSameOrNull","decl":{"start":{"line":10,"column":9},"end":{"line":10,"column":22}},"loc":{"start":{"line":10,"column":31},"end":{"line":19,"column":1}},"line":10},"1":{"name":"isPrimaryType","decl":{"start":{"line":20,"column":9},"end":{"line":20,"column":22}},"loc":{"start":{"line":20,"column":29},"end":{"line":22,"column":1}},"line":20},"2":{"name":"uppercase","decl":{"start":{"line":23,"column":9},"end":{"line":23,"column":18}},"loc":{"start":{"line":23,"column":24},"end":{"line":25,"column":1}},"line":23},"3":{"name":"(anonymous_3)","decl":{"start":{"line":24,"column":29},"end":{"line":24,"column":30}},"loc":{"start":{"line":24,"column":34},"end":{"line":24,"column":49}},"line":24},"4":{"name":"resolveJSType","decl":{"start":{"line":26,"column":9},"end":{"line":26,"column":22}},"loc":{"start":{"line":26,"column":29},"end":{"line":65,"column":1}},"line":26},"5":{"name":"(anonymous_5)","decl":{"start":{"line":52,"column":34},"end":{"line":52,"column":35}},"loc":{"start":{"line":52,"column":39},"end":{"line":52,"column":54}},"line":52},"6":{"name":"resolveTSMembersFromTSObject","decl":{"start":{"line":79,"column":9},"end":{"line":79,"column":37}},"loc":{"start":{"line":79,"column":51},"end":{"line":91,"column":1}},"line":79},"7":{"name":"resolveTSMembersFromTSInterface","decl":{"start":{"line":92,"column":9},"end":{"line":92,"column":40}},"loc":{"start":{"line":92,"column":54},"end":{"line":101,"column":1}},"line":92},"8":{"name":"(anonymous_8)","decl":{"start":{"line":94,"column":22},"end":{"line":94,"column":23}},"loc":{"start":{"line":94,"column":29},"end":{"line":99,"column":5}},"line":94},"9":{"name":"findType","decl":{"start":{"line":102,"column":9},"end":{"line":102,"column":17}},"loc":{"start":{"line":102,"column":31},"end":{"line":104,"column":1}},"line":102},"10":{"name":"(anonymous_10)","decl":{"start":{"line":103,"column":35},"end":{"line":103,"column":36}},"loc":{"start":{"line":103,"column":43},"end":{"line":103,"column":64}},"line":103},"11":{"name":"resolveTSMembersFromTSReference","decl":{"start":{"line":105,"column":9},"end":{"line":105,"column":40}},"loc":{"start":{"line":105,"column":54},"end":{"line":117,"column":1}},"line":105},"12":{"name":"resolveTSMembers","decl":{"start":{"line":118,"column":9},"end":{"line":118,"column":25}},"loc":{"start":{"line":118,"column":39},"end":{"line":129,"column":1}},"line":118},"13":{"name":"setErrorBuilder","decl":{"start":{"line":130,"column":9},"end":{"line":130,"column":24}},"loc":{"start":{"line":130,"column":38},"end":{"line":132,"column":1}},"line":130},"14":{"name":"createSetupExpression","decl":{"start":{"line":133,"column":9},"end":{"line":133,"column":30}},"loc":{"start":{"line":133,"column":48},"end":{"line":178,"column":1}},"line":133},"15":{"name":"(anonymous_15)","decl":{"start":{"line":138,"column":45},"end":{"line":138,"column":46}},"loc":{"start":{"line":138,"column":63},"end":{"line":146,"column":9}},"line":138},"16":{"name":"createComponentVariableDeclaration","decl":{"start":{"line":179,"column":9},"end":{"line":179,"column":43}},"loc":{"start":{"line":179,"column":55},"end":{"line":181,"column":1}},"line":179},"17":{"name":"processVariableDeclaration","decl":{"start":{"line":182,"column":9},"end":{"line":182,"column":35}},"loc":{"start":{"line":182,"column":49},"end":{"line":208,"column":1}},"line":182},"18":{"name":"(anonymous_18)","decl":{"start":{"line":187,"column":35},"end":{"line":187,"column":36}},"loc":{"start":{"line":187,"column":55},"end":{"line":202,"column":5}},"line":187},"19":{"name":"collectTypeDeclaration","decl":{"start":{"line":209,"column":9},"end":{"line":209,"column":31}},"loc":{"start":{"line":209,"column":38},"end":{"line":220,"column":1}},"line":209},"20":{"name":"addVueImport","decl":{"start":{"line":221,"column":9},"end":{"line":221,"column":21}},"loc":{"start":{"line":221,"column":35},"end":{"line":244,"column":1}},"line":221},"21":{"name":"onFnTransformed","decl":{"start":{"line":245,"column":9},"end":{"line":245,"column":24}},"loc":{"start":{"line":245,"column":46},"end":{"line":248,"column":1}},"line":245},"22":{"name":"(anonymous_22)","decl":{"start":{"line":250,"column":25},"end":{"line":250,"column":26}},"loc":{"start":{"line":250,"column":48},"end":{"line":260,"column":5}},"line":250},"23":{"name":"(anonymous_23)","decl":{"start":{"line":261,"column":25},"end":{"line":261,"column":26}},"loc":{"start":{"line":261,"column":48},"end":{"line":265,"column":5}},"line":261},"24":{"name":"(anonymous_24)","decl":{"start":{"line":266,"column":30},"end":{"line":266,"column":31}},"loc":{"start":{"line":266,"column":53},"end":{"line":282,"column":5}},"line":266},"25":{"name":"(anonymous_25)","decl":{"start":{"line":283,"column":28},"end":{"line":283,"column":29}},"loc":{"start":{"line":283,"column":51},"end":{"line":304,"column":5}},"line":283},"26":{"name":"default_1","decl":{"start":{"line":306,"column":9},"end":{"line":306,"column":18}},"loc":{"start":{"line":306,"column":21},"end":{"line":389,"column":1}},"line":306},"27":{"name":"(anonymous_27)","decl":{"start":{"line":308,"column":18},"end":{"line":308,"column":19}},"loc":{"start":{"line":308,"column":43},"end":{"line":310,"column":9}},"line":308},"28":{"name":"(anonymous_28)","decl":{"start":{"line":313,"column":16},"end":{"line":313,"column":17}},"loc":{"start":{"line":313,"column":35},"end":{"line":375,"column":17}},"line":313},"29":{"name":"(anonymous_29)","decl":{"start":{"line":326,"column":57},"end":{"line":326,"column":58}},"loc":{"start":{"line":326,"column":68},"end":{"line":326,"column":99}},"line":326},"30":{"name":"(anonymous_30)","decl":{"start":{"line":333,"column":35},"end":{"line":333,"column":36}},"loc":{"start":{"line":333,"column":42},"end":{"line":338,"column":21}},"line":333},"31":{"name":"(anonymous_31)","decl":{"start":{"line":339,"column":58},"end":{"line":339,"column":59}},"loc":{"start":{"line":339,"column":69},"end":{"line":339,"column":99}},"line":339},"32":{"name":"(anonymous_32)","decl":{"start":{"line":375,"column":19},"end":{"line":375,"column":20}},"loc":{"start":{"line":375,"column":37},"end":{"line":385,"column":17}},"line":375}},"branchMap":{"0":{"loc":{"start":{"line":14,"column":8},"end":{"line":16,"column":9}},"type":"if","locations":[{"start":{"line":14,"column":8},"end":{"line":16,"column":9}},{"start":{},"end":{}}],"line":14},"1":{"loc":{"start":{"line":21,"column":11},"end":{"line":21,"column":71}},"type":"binary-expr","locations":[{"start":{"line":21,"column":11},"end":{"line":21,"column":28}},{"start":{"line":21,"column":32},"end":{"line":21,"column":49}},{"start":{"line":21,"column":53},"end":{"line":21,"column":71}}],"line":21},"2":{"loc":{"start":{"line":27,"column":4},"end":{"line":29,"column":5}},"type":"if","locations":[{"start":{"line":27,"column":4},"end":{"line":29,"column":5}},{"start":{},"end":{}}],"line":27},"3":{"loc":{"start":{"line":30,"column":4},"end":{"line":32,"column":5}},"type":"if","locations":[{"start":{"line":30,"column":4},"end":{"line":32,"column":5}},{"start":{},"end":{}}],"line":30},"4":{"loc":{"start":{"line":33,"column":4},"end":{"line":35,"column":5}},"type":"if","locations":[{"start":{"line":33,"column":4},"end":{"line":35,"column":5}},{"start":{},"end":{}}],"line":33},"5":{"loc":{"start":{"line":36,"column":4},"end":{"line":38,"column":5}},"type":"if","locations":[{"start":{"line":36,"column":4},"end":{"line":38,"column":5}},{"start":{},"end":{}}],"line":36},"6":{"loc":{"start":{"line":36,"column":8},"end":{"line":36,"column":119}},"type":"binary-expr","locations":[{"start":{"line":36,"column":8},"end":{"line":36,"column":29}},{"start":{"line":36,"column":33},"end":{"line":36,"column":54}},{"start":{"line":36,"column":59},"end":{"line":36,"column":84}},{"start":{"line":36,"column":88},"end":{"line":36,"column":118}}],"line":36},"7":{"loc":{"start":{"line":39,"column":4},"end":{"line":44,"column":5}},"type":"if","locations":[{"start":{"line":39,"column":4},"end":{"line":44,"column":5}},{"start":{},"end":{}}],"line":39},"8":{"loc":{"start":{"line":40,"column":8},"end":{"line":42,"column":9}},"type":"if","locations":[{"start":{"line":40,"column":8},"end":{"line":42,"column":9}},{"start":{},"end":{}}],"line":40},"9":{"loc":{"start":{"line":45,"column":4},"end":{"line":53,"column":5}},"type":"if","locations":[{"start":{"line":45,"column":4},"end":{"line":53,"column":5}},{"start":{},"end":{}}],"line":45},"10":{"loc":{"start":{"line":47,"column":8},"end":{"line":49,"column":9}},"type":"if","locations":[{"start":{"line":47,"column":8},"end":{"line":49,"column":9}},{"start":{},"end":{}}],"line":47},"11":{"loc":{"start":{"line":47,"column":12},"end":{"line":47,"column":82}},"type":"binary-expr","locations":[{"start":{"line":47,"column":12},"end":{"line":47,"column":45}},{"start":{"line":47,"column":49},"end":{"line":47,"column":82}}],"line":47},"12":{"loc":{"start":{"line":54,"column":4},"end":{"line":59,"column":5}},"type":"if","locations":[{"start":{"line":54,"column":4},"end":{"line":59,"column":5}},{"start":{},"end":{}}],"line":54},"13":{"loc":{"start":{"line":54,"column":8},"end":{"line":54,"column":86}},"type":"binary-expr","locations":[{"start":{"line":54,"column":8},"end":{"line":54,"column":30}},{"start":{"line":54,"column":34},"end":{"line":54,"column":59}},{"start":{"line":54,"column":63},"end":{"line":54,"column":86}}],"line":54},"14":{"loc":{"start":{"line":60,"column":4},"end":{"line":63,"column":5}},"type":"if","locations":[{"start":{"line":60,"column":4},"end":{"line":63,"column":5}},{"start":{},"end":{}}],"line":60},"15":{"loc":{"start":{"line":82,"column":8},"end":{"line":88,"column":9}},"type":"if","locations":[{"start":{"line":82,"column":8},"end":{"line":88,"column":9}},{"start":{"line":86,"column":13},"end":{"line":88,"column":9}}],"line":82},"16":{"loc":{"start":{"line":95,"column":8},"end":{"line":97,"column":9}},"type":"if","locations":[{"start":{"line":95,"column":8},"end":{"line":97,"column":9}},{"start":{},"end":{}}],"line":95},"17":{"loc":{"start":{"line":107,"column":4},"end":{"line":109,"column":5}},"type":"if","locations":[{"start":{"line":107,"column":4},"end":{"line":109,"column":5}},{"start":{},"end":{}}],"line":107},"18":{"loc":{"start":{"line":110,"column":4},"end":{"line":112,"column":5}},"type":"if","locations":[{"start":{"line":110,"column":4},"end":{"line":112,"column":5}},{"start":{},"end":{}}],"line":110},"19":{"loc":{"start":{"line":113,"column":4},"end":{"line":115,"column":5}},"type":"if","locations":[{"start":{"line":113,"column":4},"end":{"line":115,"column":5}},{"start":{},"end":{}}],"line":113},"20":{"loc":{"start":{"line":119,"column":4},"end":{"line":121,"column":5}},"type":"if","locations":[{"start":{"line":119,"column":4},"end":{"line":121,"column":5}},{"start":{},"end":{}}],"line":119},"21":{"loc":{"start":{"line":122,"column":4},"end":{"line":124,"column":5}},"type":"if","locations":[{"start":{"line":122,"column":4},"end":{"line":124,"column":5}},{"start":{},"end":{}}],"line":122},"22":{"loc":{"start":{"line":125,"column":4},"end":{"line":127,"column":5}},"type":"if","locations":[{"start":{"line":125,"column":4},"end":{"line":127,"column":5}},{"start":{},"end":{}}],"line":125},"23":{"loc":{"start":{"line":134,"column":25},"end":{"line":134,"column":117}},"type":"cond-expr","locations":[{"start":{"line":134,"column":42},"end":{"line":134,"column":110}},{"start":{"line":134,"column":113},"end":{"line":134,"column":117}}],"line":134},"24":{"loc":{"start":{"line":136,"column":21},"end":{"line":136,"column":106}},"type":"cond-expr","locations":[{"start":{"line":136,"column":39},"end":{"line":136,"column":68}},{"start":{"line":136,"column":72},"end":{"line":136,"column":105}}],"line":136},"25":{"loc":{"start":{"line":136,"column":72},"end":{"line":136,"column":105}},"type":"binary-expr","locations":[{"start":{"line":136,"column":72},"end":{"line":136,"column":91}},{"start":{"line":136,"column":95},"end":{"line":136,"column":105}}],"line":136},"26":{"loc":{"start":{"line":137,"column":4},"end":{"line":147,"column":5}},"type":"if","locations":[{"start":{"line":137,"column":4},"end":{"line":147,"column":5}},{"start":{},"end":{}}],"line":137},"27":{"loc":{"start":{"line":140,"column":12},"end":{"line":145,"column":13}},"type":"if","locations":[{"start":{"line":140,"column":12},"end":{"line":145,"column":13}},{"start":{"line":143,"column":17},"end":{"line":145,"column":13}}],"line":140},"28":{"loc":{"start":{"line":140,"column":16},"end":{"line":140,"column":47}},"type":"binary-expr","locations":[{"start":{"line":140,"column":16},"end":{"line":140,"column":22}},{"start":{"line":140,"column":26},"end":{"line":140,"column":47}}],"line":140},"29":{"loc":{"start":{"line":148,"column":17},"end":{"line":148,"column":32}},"type":"binary-expr","locations":[{"start":{"line":148,"column":17},"end":{"line":148,"column":26}},{"start":{"line":148,"column":30},"end":{"line":148,"column":32}}],"line":148},"30":{"loc":{"start":{"line":149,"column":23},"end":{"line":149,"column":38}},"type":"binary-expr","locations":[{"start":{"line":149,"column":23},"end":{"line":149,"column":32}},{"start":{"line":149,"column":36},"end":{"line":149,"column":38}}],"line":149},"31":{"loc":{"start":{"line":150,"column":4},"end":{"line":153,"column":5}},"type":"if","locations":[{"start":{"line":150,"column":4},"end":{"line":153,"column":5}},{"start":{},"end":{}}],"line":150},"32":{"loc":{"start":{"line":155,"column":18},"end":{"line":155,"column":155}},"type":"cond-expr","locations":[{"start":{"line":155,"column":28},"end":{"line":155,"column":80}},{"start":{"line":155,"column":83},"end":{"line":155,"column":155}}],"line":155},"33":{"loc":{"start":{"line":168,"column":25},"end":{"line":168,"column":172}},"type":"cond-expr","locations":[{"start":{"line":168,"column":43},"end":{"line":168,"column":118}},{"start":{"line":168,"column":121},"end":{"line":168,"column":172}}],"line":168},"34":{"loc":{"start":{"line":168,"column":65},"end":{"line":168,"column":116}},"type":"binary-expr","locations":[{"start":{"line":168,"column":65},"end":{"line":168,"column":95}},{"start":{"line":168,"column":99},"end":{"line":168,"column":116}}],"line":168},"35":{"loc":{"start":{"line":168,"column":121},"end":{"line":168,"column":172}},"type":"binary-expr","locations":[{"start":{"line":168,"column":121},"end":{"line":168,"column":151}},{"start":{"line":168,"column":155},"end":{"line":168,"column":172}}],"line":168},"36":{"loc":{"start":{"line":174,"column":4},"end":{"line":176,"column":5}},"type":"if","locations":[{"start":{"line":174,"column":4},"end":{"line":176,"column":5}},{"start":{},"end":{}}],"line":174},"37":{"loc":{"start":{"line":177,"column":12},"end":{"line":177,"column":71}},"type":"cond-expr","locations":[{"start":{"line":177,"column":31},"end":{"line":177,"column":54}},{"start":{"line":177,"column":57},"end":{"line":177,"column":71}}],"line":177},"38":{"loc":{"start":{"line":184,"column":4},"end":{"line":186,"column":5}},"type":"if","locations":[{"start":{"line":184,"column":4},"end":{"line":186,"column":5}},{"start":{},"end":{}}],"line":184},"39":{"loc":{"start":{"line":190,"column":8},"end":{"line":192,"column":9}},"type":"if","locations":[{"start":{"line":190,"column":8},"end":{"line":192,"column":9}},{"start":{},"end":{}}],"line":190},"40":{"loc":{"start":{"line":193,"column":8},"end":{"line":195,"column":9}},"type":"if","locations":[{"start":{"line":193,"column":8},"end":{"line":195,"column":9}},{"start":{},"end":{}}],"line":193},"41":{"loc":{"start":{"line":193,"column":12},"end":{"line":193,"column":77}},"type":"binary-expr","locations":[{"start":{"line":193,"column":12},"end":{"line":193,"column":40}},{"start":{"line":193,"column":44},"end":{"line":193,"column":77}}],"line":193},"42":{"loc":{"start":{"line":196,"column":8},"end":{"line":198,"column":9}},"type":"if","locations":[{"start":{"line":196,"column":8},"end":{"line":198,"column":9}},{"start":{},"end":{}}],"line":196},"43":{"loc":{"start":{"line":203,"column":4},"end":{"line":206,"column":5}},"type":"if","locations":[{"start":{"line":203,"column":4},"end":{"line":206,"column":5}},{"start":{},"end":{}}],"line":203},"44":{"loc":{"start":{"line":210,"column":4},"end":{"line":218,"column":5}},"type":"if","locations":[{"start":{"line":210,"column":4},"end":{"line":218,"column":5}},{"start":{"line":213,"column":9},"end":{"line":218,"column":5}}],"line":210},"45":{"loc":{"start":{"line":213,"column":9},"end":{"line":218,"column":5}},"type":"if","locations":[{"start":{"line":213,"column":9},"end":{"line":218,"column":5}},{"start":{"line":216,"column":9},"end":{"line":218,"column":5}}],"line":213},"46":{"loc":{"start":{"line":216,"column":9},"end":{"line":218,"column":5}},"type":"if","locations":[{"start":{"line":216,"column":9},"end":{"line":218,"column":5}},{"start":{},"end":{}}],"line":216},"47":{"loc":{"start":{"line":216,"column":13},"end":{"line":216,"column":65}},"type":"binary-expr","locations":[{"start":{"line":216,"column":13},"end":{"line":216,"column":45}},{"start":{"line":216,"column":49},"end":{"line":216,"column":65}}],"line":216},"48":{"loc":{"start":{"line":222,"column":4},"end":{"line":224,"column":5}},"type":"if","locations":[{"start":{"line":222,"column":4},"end":{"line":224,"column":5}},{"start":{},"end":{}}],"line":222},"49":{"loc":{"start":{"line":226,"column":4},"end":{"line":228,"column":5}},"type":"if","locations":[{"start":{"line":226,"column":4},"end":{"line":228,"column":5}},{"start":{},"end":{}}],"line":226},"50":{"loc":{"start":{"line":231,"column":4},"end":{"line":237,"column":5}},"type":"if","locations":[{"start":{"line":231,"column":4},"end":{"line":237,"column":5}},{"start":{},"end":{}}],"line":231},"51":{"loc":{"start":{"line":238,"column":4},"end":{"line":240,"column":5}},"type":"if","locations":[{"start":{"line":238,"column":4},"end":{"line":240,"column":5}},{"start":{},"end":{}}],"line":238},"52":{"loc":{"start":{"line":241,"column":4},"end":{"line":243,"column":5}},"type":"if","locations":[{"start":{"line":241,"column":4},"end":{"line":243,"column":5}},{"start":{},"end":{}}],"line":241},"53":{"loc":{"start":{"line":252,"column":8},"end":{"line":255,"column":9}},"type":"if","locations":[{"start":{"line":252,"column":8},"end":{"line":255,"column":9}},{"start":{},"end":{}}],"line":252},"54":{"loc":{"start":{"line":268,"column":8},"end":{"line":271,"column":9}},"type":"if","locations":[{"start":{"line":268,"column":8},"end":{"line":271,"column":9}},{"start":{},"end":{}}],"line":268},"55":{"loc":{"start":{"line":273,"column":8},"end":{"line":280,"column":9}},"type":"if","locations":[{"start":{"line":273,"column":8},"end":{"line":280,"column":9}},{"start":{},"end":{}}],"line":273},"56":{"loc":{"start":{"line":274,"column":12},"end":{"line":277,"column":13}},"type":"if","locations":[{"start":{"line":274,"column":12},"end":{"line":277,"column":13}},{"start":{},"end":{}}],"line":274},"57":{"loc":{"start":{"line":274,"column":73},"end":{"line":274,"column":106}},"type":"binary-expr","locations":[{"start":{"line":274,"column":73},"end":{"line":274,"column":93}},{"start":{"line":274,"column":97},"end":{"line":274,"column":106}}],"line":274},"58":{"loc":{"start":{"line":278,"column":41},"end":{"line":278,"column":106}},"type":"binary-expr","locations":[{"start":{"line":278,"column":41},"end":{"line":278,"column":61}},{"start":{"line":278,"column":65},"end":{"line":278,"column":106}}],"line":278},"59":{"loc":{"start":{"line":279,"column":70},"end":{"line":279,"column":135}},"type":"binary-expr","locations":[{"start":{"line":279,"column":70},"end":{"line":279,"column":90}},{"start":{"line":279,"column":94},"end":{"line":279,"column":135}}],"line":279},"60":{"loc":{"start":{"line":285,"column":8},"end":{"line":288,"column":9}},"type":"if","locations":[{"start":{"line":285,"column":8},"end":{"line":288,"column":9}},{"start":{},"end":{}}],"line":285},"61":{"loc":{"start":{"line":290,"column":8},"end":{"line":302,"column":9}},"type":"if","locations":[{"start":{"line":290,"column":8},"end":{"line":302,"column":9}},{"start":{"line":299,"column":13},"end":{"line":302,"column":9}}],"line":290},"62":{"loc":{"start":{"line":291,"column":12},"end":{"line":294,"column":13}},"type":"if","locations":[{"start":{"line":291,"column":12},"end":{"line":294,"column":13}},{"start":{},"end":{}}],"line":291},"63":{"loc":{"start":{"line":299,"column":13},"end":{"line":302,"column":9}},"type":"if","locations":[{"start":{"line":299,"column":13},"end":{"line":302,"column":9}},{"start":{},"end":{}}],"line":299},"64":{"loc":{"start":{"line":309,"column":69},"end":{"line":309,"column":78}},"type":"binary-expr","locations":[{"start":{"line":309,"column":69},"end":{"line":309,"column":72}},{"start":{"line":309,"column":76},"end":{"line":309,"column":78}}],"line":309},"65":{"loc":{"start":{"line":314,"column":20},"end":{"line":317,"column":21}},"type":"if","locations":[{"start":{"line":314,"column":20},"end":{"line":317,"column":21}},{"start":{},"end":{}}],"line":314},"66":{"loc":{"start":{"line":319,"column":76},"end":{"line":319,"column":92}},"type":"binary-expr","locations":[{"start":{"line":319,"column":76},"end":{"line":319,"column":86}},{"start":{"line":319,"column":90},"end":{"line":319,"column":92}}],"line":319},"67":{"loc":{"start":{"line":327,"column":20},"end":{"line":331,"column":21}},"type":"if","locations":[{"start":{"line":327,"column":20},"end":{"line":331,"column":21}},{"start":{},"end":{}}],"line":327},"68":{"loc":{"start":{"line":335,"column":24},"end":{"line":337,"column":25}},"type":"if","locations":[{"start":{"line":335,"column":24},"end":{"line":337,"column":25}},{"start":{},"end":{}}],"line":335},"69":{"loc":{"start":{"line":342,"column":24},"end":{"line":344,"column":25}},"type":"if","locations":[{"start":{"line":342,"column":24},"end":{"line":344,"column":25}},{"start":{},"end":{}}],"line":342},"70":{"loc":{"start":{"line":345,"column":24},"end":{"line":347,"column":25}},"type":"if","locations":[{"start":{"line":345,"column":24},"end":{"line":347,"column":25}},{"start":{},"end":{}}],"line":345},"71":{"loc":{"start":{"line":349,"column":24},"end":{"line":351,"column":25}},"type":"if","locations":[{"start":{"line":349,"column":24},"end":{"line":351,"column":25}},{"start":{},"end":{}}],"line":349},"72":{"loc":{"start":{"line":354,"column":28},"end":{"line":358,"column":29}},"type":"if","locations":[{"start":{"line":354,"column":28},"end":{"line":358,"column":29}},{"start":{},"end":{}}],"line":354},"73":{"loc":{"start":{"line":359,"column":28},"end":{"line":362,"column":29}},"type":"if","locations":[{"start":{"line":359,"column":28},"end":{"line":362,"column":29}},{"start":{},"end":{}}],"line":359},"74":{"loc":{"start":{"line":363,"column":28},"end":{"line":371,"column":29}},"type":"if","locations":[{"start":{"line":363,"column":28},"end":{"line":371,"column":29}},{"start":{},"end":{}}],"line":363},"75":{"loc":{"start":{"line":365,"column":32},"end":{"line":370,"column":33}},"type":"if","locations":[{"start":{"line":365,"column":32},"end":{"line":370,"column":33}},{"start":{"line":368,"column":37},"end":{"line":370,"column":33}}],"line":365},"76":{"loc":{"start":{"line":368,"column":37},"end":{"line":370,"column":33}},"type":"if","locations":[{"start":{"line":368,"column":37},"end":{"line":370,"column":33}},{"start":{},"end":{}}],"line":368}},"s":{"0":4,"1":4,"2":4,"3":4,"4":4,"5":4,"6":4,"7":0,"8":0,"9":0,"10":0,"11":0,"12":0,"13":675,"14":405,"15":405,"16":765,"17":45,"18":720,"19":45,"20":675,"21":45,"22":630,"23":90,"24":540,"25":405,"26":405,"27":0,"28":135,"29":0,"30":0,"31":0,"32":0,"33":0,"34":0,"35":135,"36":45,"37":90,"38":0,"39":90,"40":4,"41":4,"42":18,"43":18,"44":272,"45":272,"46":272,"47":0,"48":18,"49":29,"50":29,"51":493,"52":0,"53":493,"54":29,"55":29,"56":87,"57":29,"58":29,"59":0,"60":29,"61":29,"62":0,"63":0,"64":0,"65":49,"66":18,"67":31,"68":29,"69":2,"70":2,"71":0,"72":265,"73":104,"74":104,"75":104,"76":104,"77":47,"78":765,"79":765,"80":270,"81":495,"82":104,"83":104,"84":104,"85":49,"86":104,"87":104,"88":104,"89":104,"90":104,"91":104,"92":104,"93":104,"94":104,"95":104,"96":45,"97":104,"98":88,"99":129,"100":129,"101":0,"102":129,"103":129,"104":129,"105":129,"106":0,"107":129,"108":61,"109":68,"110":38,"111":30,"112":30,"113":30,"114":129,"115":30,"116":30,"117":99,"118":242,"119":32,"120":210,"121":16,"122":194,"123":16,"124":178,"125":104,"126":87,"127":17,"128":17,"129":4,"130":13,"131":13,"132":0,"133":0,"134":0,"135":0,"136":0,"137":13,"138":8,"139":13,"140":9,"141":104,"142":104,"143":4,"144":82,"145":82,"146":24,"147":24,"148":58,"149":58,"150":58,"151":129,"152":129,"153":129,"154":19,"155":19,"156":0,"157":0,"158":19,"159":19,"160":17,"161":1,"162":1,"163":16,"164":16,"165":18,"166":18,"167":18,"168":18,"169":18,"170":0,"171":0,"172":0,"173":0,"174":0,"175":0,"176":0,"177":0,"178":0,"179":0,"180":32,"181":32,"182":38,"183":21,"184":21,"185":17,"186":17,"187":17,"188":17,"189":17,"190":17,"191":17,"192":17,"193":17,"194":255,"195":17,"196":0,"197":0,"198":17,"199":17,"200":226,"201":226,"202":48,"203":17,"204":255,"205":17,"206":17,"207":29,"208":29,"209":0,"210":29,"211":10,"212":19,"213":19,"214":0,"215":19,"216":19,"217":32,"218":32,"219":4,"220":4,"221":28,"222":2,"223":2,"224":26,"225":26,"226":26,"227":7,"228":19,"229":4,"230":19,"231":17,"232":17,"233":17,"234":17,"235":17,"236":17,"237":17,"238":17,"239":17,"240":4},"f":{"0":0,"1":675,"2":405,"3":405,"4":765,"5":0,"6":18,"7":29,"8":493,"9":29,"10":87,"11":29,"12":49,"13":265,"14":104,"15":765,"16":88,"17":129,"18":129,"19":242,"20":104,"21":104,"22":82,"23":129,"24":19,"25":18,"26":32,"27":32,"28":38,"29":255,"30":226,"31":255,"32":17},"b":{"0":[0,0],"1":[675,585,495],"2":[45,720],"3":[45,675],"4":[45,630],"5":[90,540],"6":[630,585,585,450],"7":[405,135],"8":[405,0],"9":[0,135],"10":[0,0],"11":[0,0],"12":[45,90],"13":[135,135,135],"14":[0,90],"15":[272,0],"16":[0,493],"17":[0,29],"18":[29,0],"19":[0,0],"20":[18,31],"21":[29,2],"22":[2,0],"23":[49,55],"24":[28,76],"25":[76,47],"26":[47,57],"27":[270,495],"28":[765,675],"29":[104,0],"30":[104,0],"31":[49,55],"32":[0,104],"33":[28,76],"34":[28,28],"35":[76,48],"36":[45,59],"37":[59,45],"38":[0,129],"39":[0,129],"40":[61,68],"41":[129,61],"42":[38,30],"43":[30,99],"44":[32,210],"45":[16,194],"46":[16,178],"47":[194,16],"48":[87,17],"49":[4,13],"50":[0,13],"51":[8,5],"52":[9,4],"53":[24,58],"54":[0,19],"55":[17,2],"56":[1,16],"57":[17,17],"58":[16,16],"59":[16,16],"60":[18,0],"61":[0,0],"62":[0,0],"63":[0,0],"64":[32,0],"65":[21,17],"66":[17,0],"67":[0,17],"68":[48,178],"69":[0,29],"70":[10,19],"71":[0,19],"72":[4,28],"73":[2,26],"74":[26,0],"75":[7,19],"76":[4,15]},"_coverageSchema":"1a1c01bbd47fc00a2c39e90264f33305004495a9","hash":"5ff2a8b3b3965bde42f62149f3048471ce2df103"}
,"/Users/dsc/Documents/ws/privacy/pp/lib/config.js": {"path":"/Users/dsc/Documents/ws/privacy/pp/lib/config.js","statementMap":{"0":{"start":{"line":2,"column":0},"end":{"line":2,"column":62}},"1":{"start":{"line":3,"column":0},"end":{"line":3,"column":80}},"2":{"start":{"line":4,"column":16},"end":{"line":4,"column":32}},"3":{"start":{"line":5,"column":21},"end":{"line":5,"column":67}},"4":{"start":{"line":6,"column":0},"end":{"line":9,"column":2}},"5":{"start":{"line":11,"column":4},"end":{"line":11,"column":35}},"6":{"start":{"line":14,"column":4},"end":{"line":14,"column":36}},"7":{"start":{"line":18,"column":4},"end":{"line":20,"column":5}},"8":{"start":{"line":19,"column":8},"end":{"line":19,"column":21}},"9":{"start":{"line":21,"column":4},"end":{"line":24,"column":5}},"10":{"start":{"line":23,"column":8},"end":{"line":23,"column":31}},"11":{"start":{"line":25,"column":4},"end":{"line":27,"column":5}},"12":{"start":{"line":26,"column":8},"end":{"line":26,"column":38}},"13":{"start":{"line":28,"column":4},"end":{"line":28,"column":64}},"14":{"start":{"line":30,"column":0},"end":{"line":30,"column":40}},"15":{"start":{"line":32,"column":4},"end":{"line":34,"column":5}},"16":{"start":{"line":33,"column":8},"end":{"line":33,"column":20}},"17":{"start":{"line":36,"column":19},"end":{"line":36,"column":37}},"18":{"start":{"line":37,"column":4},"end":{"line":39,"column":5}},"19":{"start":{"line":38,"column":8},"end":{"line":38,"column":44}},"20":{"start":{"line":40,"column":4},"end":{"line":42,"column":5}},"21":{"start":{"line":41,"column":8},"end":{"line":41,"column":21}},"22":{"start":{"line":43,"column":4},"end":{"line":43,"column":60}},"23":{"start":{"line":45,"column":0},"end":{"line":45,"column":36}}},"fnMap":{"0":{"name":"isTSX","decl":{"start":{"line":10,"column":9},"end":{"line":10,"column":14}},"loc":{"start":{"line":10,"column":25},"end":{"line":12,"column":1}},"line":10},"1":{"name":"isJS","decl":{"start":{"line":13,"column":9},"end":{"line":13,"column":13}},"loc":{"start":{"line":13,"column":24},"end":{"line":15,"column":1}},"line":13},"2":{"name":"canProcessFile","decl":{"start":{"line":16,"column":9},"end":{"line":16,"column":23}},"loc":{"start":{"line":16,"column":48},"end":{"line":29,"column":1}},"line":16},"3":{"name":"canProcessFn","decl":{"start":{"line":31,"column":9},"end":{"line":31,"column":21}},"loc":{"start":{"line":31,"column":54},"end":{"line":44,"column":1}},"line":31}},"branchMap":{"0":{"loc":{"start":{"line":18,"column":4},"end":{"line":20,"column":5}},"type":"if","locations":[{"start":{"line":18,"column":4},"end":{"line":20,"column":5}},{"start":{},"end":{}}],"line":18},"1":{"loc":{"start":{"line":21,"column":4},"end":{"line":24,"column":5}},"type":"if","locations":[{"start":{"line":21,"column":4},"end":{"line":24,"column":5}},{"start":{},"end":{}}],"line":21},"2":{"loc":{"start":{"line":25,"column":4},"end":{"line":27,"column":5}},"type":"if","locations":[{"start":{"line":25,"column":4},"end":{"line":27,"column":5}},{"start":{},"end":{}}],"line":25},"3":{"loc":{"start":{"line":32,"column":4},"end":{"line":34,"column":5}},"type":"if","locations":[{"start":{"line":32,"column":4},"end":{"line":34,"column":5}},{"start":{},"end":{}}],"line":32},"4":{"loc":{"start":{"line":36,"column":19},"end":{"line":36,"column":37}},"type":"binary-expr","locations":[{"start":{"line":36,"column":19},"end":{"line":36,"column":23}},{"start":{"line":36,"column":27},"end":{"line":36,"column":37}}],"line":36},"5":{"loc":{"start":{"line":37,"column":4},"end":{"line":39,"column":5}},"type":"if","locations":[{"start":{"line":37,"column":4},"end":{"line":39,"column":5}},{"start":{},"end":{}}],"line":37},"6":{"loc":{"start":{"line":40,"column":4},"end":{"line":42,"column":5}},"type":"if","locations":[{"start":{"line":40,"column":4},"end":{"line":42,"column":5}},{"start":{},"end":{}}],"line":40}},"s":{"0":4,"1":4,"2":4,"3":4,"4":4,"5":15,"6":38,"7":38,"8":9,"9":29,"10":15,"11":14,"12":2,"13":12,"14":4,"15":167,"16":0,"17":167,"18":167,"19":0,"20":167,"21":0,"22":167,"23":4},"f":{"0":15,"1":38,"2":38,"3":167},"b":{"0":[9,29],"1":[15,14],"2":[2,12],"3":[0,167],"4":[167,0],"5":[0,167],"6":[0,167]},"_coverageSchema":"1a1c01bbd47fc00a2c39e90264f33305004495a9","hash":"6654d9b8d01dff8f002df0fc8a1dbd6ef2ecded4"}
,"/Users/dsc/Documents/ws/privacy/pp/tests/translate.ts": {"path":"/Users/dsc/Documents/ws/privacy/pp/tests/translate.ts","statementMap":{"0":{"start":{"line":7,"column":16},"end":{"line":7,"column":53}},"1":{"start":{"line":8,"column":4},"end":{"line":8,"column":42}},"2":{"start":{"line":9,"column":4},"end":{"line":9,"column":61}},"3":{"start":{"line":14,"column":25},"end":{"line":16,"column":5}},"4":{"start":{"line":17,"column":4},"end":{"line":21,"column":5}},"5":{"start":{"line":18,"column":8},"end":{"line":20,"column":9}},"6":{"start":{"line":22,"column":16},"end":{"line":27,"column":6}},"7":{"start":{"line":28,"column":4},"end":{"line":28,"column":66}},"8":{"start":{"line":29,"column":4},"end":{"line":29,"column":14}}},"fnMap":{"0":{"name":"generate","decl":{"start":{"line":6,"column":9},"end":{"line":6,"column":17}},"loc":{"start":{"line":6,"column":46},"end":{"line":10,"column":1}},"line":6},"1":{"name":"transform","decl":{"start":{"line":13,"column":16},"end":{"line":13,"column":25}},"loc":{"start":{"line":13,"column":85},"end":{"line":30,"column":1}},"line":13}},"branchMap":{"0":{"loc":{"start":{"line":13,"column":67},"end":{"line":13,"column":83}},"type":"default-arg","locations":[{"start":{"line":13,"column":78},"end":{"line":13,"column":83}}],"line":13},"1":{"loc":{"start":{"line":17,"column":4},"end":{"line":21,"column":5}},"type":"if","locations":[{"start":{"line":17,"column":4},"end":{"line":21,"column":5}},{"start":{},"end":{}}],"line":17},"2":{"loc":{"start":{"line":28,"column":50},"end":{"line":28,"column":65}},"type":"binary-expr","locations":[{"start":{"line":28,"column":50},"end":{"line":28,"column":59}},{"start":{"line":28,"column":63},"end":{"line":28,"column":65}}],"line":28}},"s":{"0":38,"1":38,"2":38,"3":38,"4":38,"5":1,"6":38,"7":38,"8":38},"f":{"0":38,"1":38},"b":{"0":[37],"1":[1,37],"2":[38,0]},"_coverageSchema":"1a1c01bbd47fc00a2c39e90264f33305004495a9","hash":"c9d39c055b28481e117fecdd9096dae78216b4ed"}
}
