TN:
SF:lib/babel-plugin.js
FN:10,allSameOrNull
FN:20,isPrimaryType
FN:23,uppercase
FN:24,(anonymous_3)
FN:26,resolveJSType
FN:52,(anonymous_5)
FN:79,resolveTSMembersFromTSObject
FN:92,resolveTSMembersFromTSInterface
FN:94,(anonymous_8)
FN:102,findType
FN:103,(anonymous_10)
FN:105,resolveTSMembersFromTSReference
FN:118,resolveTSMembers
FN:130,setErrorBuilder
FN:133,createSetupExpression
FN:138,(anonymous_15)
FN:179,createComponentVariableDeclaration
FN:182,processVariableDeclaration
FN:187,(anonymous_18)
FN:209,collectTypeDeclaration
FN:221,addVueImport
FN:245,onFnTransformed
FN:250,(anonymous_22)
FN:261,(anonymous_23)
FN:266,(anonymous_24)
FN:283,(anonymous_25)
FN:306,default_1
FN:308,(anonymous_27)
FN:313,(anonymous_28)
FN:326,(anonymous_29)
FN:333,(anonymous_30)
FN:339,(anonymous_31)
FN:375,(anonymous_32)
FNF:33
FNH:31
FNDA:0,allSameOrNull
FNDA:675,isPrimaryType
FNDA:405,uppercase
FNDA:405,(anonymous_3)
FNDA:765,resolveJSType
FNDA:0,(anonymous_5)
FNDA:18,resolveTSMembersFromTSObject
FNDA:29,resolveTSMembersFromTSInterface
FNDA:493,(anonymous_8)
FNDA:29,findType
FNDA:87,(anonymous_10)
FNDA:29,resolveTSMembersFromTSReference
FNDA:49,resolveTSMembers
FNDA:265,setErrorBuilder
FNDA:104,createSetupExpression
FNDA:765,(anonymous_15)
FNDA:88,createComponentVariableDeclaration
FNDA:129,processVariableDeclaration
FNDA:129,(anonymous_18)
FNDA:242,collectTypeDeclaration
FNDA:104,addVueImport
FNDA:104,onFnTransformed
FNDA:82,(anonymous_22)
FNDA:129,(anonymous_23)
FNDA:19,(anonymous_24)
FNDA:18,(anonymous_25)
FNDA:32,default_1
FNDA:32,(anonymous_27)
FNDA:38,(anonymous_28)
FNDA:255,(anonymous_29)
FNDA:226,(anonymous_30)
FNDA:255,(anonymous_31)
FNDA:17,(anonymous_32)
DA:2,4
DA:3,4
DA:5,4
DA:6,4
DA:7,4
DA:8,4
DA:9,4
DA:11,0
DA:12,0
DA:13,0
DA:14,0
DA:15,0
DA:18,0
DA:21,675
DA:24,405
DA:27,765
DA:28,45
DA:30,720
DA:31,45
DA:33,675
DA:34,45
DA:36,630
DA:37,90
DA:39,540
DA:40,405
DA:41,405
DA:43,0
DA:45,135
DA:47,0
DA:48,0
DA:50,0
DA:51,0
DA:52,0
DA:54,135
DA:58,45
DA:60,90
DA:62,0
DA:64,90
DA:66,4
DA:73,4
DA:80,18
DA:81,18
DA:82,272
DA:83,272
DA:84,272
DA:87,0
DA:90,18
DA:93,29
DA:94,29
DA:95,493
DA:96,0
DA:98,493
DA:100,29
DA:103,87
DA:106,29
DA:107,29
DA:108,0
DA:110,29
DA:111,29
DA:113,0
DA:114,0
DA:116,0
DA:119,49
DA:120,18
DA:122,31
DA:123,29
DA:125,2
DA:126,2
DA:128,0
DA:131,265
DA:134,104
DA:135,104
DA:136,104
DA:137,104
DA:138,47
DA:139,765
DA:140,765
DA:141,270
DA:144,495
DA:148,104
DA:149,104
DA:150,104
DA:152,49
DA:154,104
DA:155,104
DA:157,104
DA:158,104
DA:162,104
DA:164,104
DA:167,104
DA:168,104
DA:169,104
DA:174,104
DA:175,45
DA:177,104
DA:180,88
DA:183,129
DA:184,129
DA:185,0
DA:187,129
DA:188,129
DA:189,129
DA:190,129
DA:191,0
DA:193,129
DA:194,61
DA:196,68
DA:197,38
DA:199,30
DA:200,30
DA:201,30
DA:203,129
DA:204,30
DA:205,30
DA:207,99
DA:210,242
DA:211,32
DA:213,210
DA:214,16
DA:216,194
DA:217,16
DA:219,178
DA:222,104
DA:223,87
DA:225,17
DA:226,17
DA:227,4
DA:229,13
DA:231,13
DA:232,0
DA:233,0
DA:234,0
DA:235,0
DA:236,0
DA:238,13
DA:239,8
DA:241,13
DA:242,9
DA:246,104
DA:247,104
DA:249,4
DA:251,82
DA:252,82
DA:253,24
DA:254,24
DA:257,58
DA:258,58
DA:259,58
DA:262,129
DA:263,129
DA:264,129
DA:267,19
DA:268,19
DA:269,0
DA:270,0
DA:272,19
DA:273,19
DA:274,17
DA:275,1
DA:276,1
DA:278,16
DA:279,16
DA:281,18
DA:284,18
DA:285,18
DA:286,18
DA:287,18
DA:289,0
DA:290,0
DA:291,0
DA:292,0
DA:293,0
DA:296,0
DA:297,0
DA:299,0
DA:301,0
DA:303,0
DA:307,32
DA:309,32
DA:314,38
DA:315,21
DA:316,21
DA:318,17
DA:319,17
DA:320,17
DA:321,17
DA:322,17
DA:323,17
DA:324,17
DA:325,17
DA:326,255
DA:327,17
DA:329,0
DA:330,0
DA:332,17
DA:333,17
DA:334,226
DA:335,226
DA:336,48
DA:339,255
DA:340,17
DA:341,29
DA:342,29
DA:343,0
DA:345,29
DA:346,10
DA:348,19
DA:349,19
DA:350,0
DA:352,19
DA:353,32
DA:354,32
DA:356,4
DA:357,4
DA:359,28
DA:360,2
DA:361,2
DA:363,26
DA:364,26
DA:365,26
DA:366,7
DA:368,19
DA:369,4
DA:373,19
DA:376,17
DA:377,17
DA:378,17
DA:379,17
DA:380,17
DA:381,17
DA:382,17
DA:383,17
DA:384,17
DA:390,4
LF:234
LH:191
BRDA:14,0,0,0
BRDA:14,0,1,0
BRDA:21,1,0,675
BRDA:21,1,1,585
BRDA:21,1,2,495
BRDA:27,2,0,45
BRDA:27,2,1,720
BRDA:30,3,0,45
BRDA:30,3,1,675
BRDA:33,4,0,45
BRDA:33,4,1,630
BRDA:36,5,0,90
BRDA:36,5,1,540
BRDA:36,6,0,630
BRDA:36,6,1,585
BRDA:36,6,2,585
BRDA:36,6,3,450
BRDA:39,7,0,405
BRDA:39,7,1,135
BRDA:40,8,0,405
BRDA:40,8,1,0
BRDA:45,9,0,0
BRDA:45,9,1,135
BRDA:47,10,0,0
BRDA:47,10,1,0
BRDA:47,11,0,0
BRDA:47,11,1,0
BRDA:54,12,0,45
BRDA:54,12,1,90
BRDA:54,13,0,135
BRDA:54,13,1,135
BRDA:54,13,2,135
BRDA:60,14,0,0
BRDA:60,14,1,90
BRDA:82,15,0,272
BRDA:82,15,1,0
BRDA:95,16,0,0
BRDA:95,16,1,493
BRDA:107,17,0,0
BRDA:107,17,1,29
BRDA:110,18,0,29
BRDA:110,18,1,0
BRDA:113,19,0,0
BRDA:113,19,1,0
BRDA:119,20,0,18
BRDA:119,20,1,31
BRDA:122,21,0,29
BRDA:122,21,1,2
BRDA:125,22,0,2
BRDA:125,22,1,0
BRDA:134,23,0,49
BRDA:134,23,1,55
BRDA:136,24,0,28
BRDA:136,24,1,76
BRDA:136,25,0,76
BRDA:136,25,1,47
BRDA:137,26,0,47
BRDA:137,26,1,57
BRDA:140,27,0,270
BRDA:140,27,1,495
BRDA:140,28,0,765
BRDA:140,28,1,675
BRDA:148,29,0,104
BRDA:148,29,1,0
BRDA:149,30,0,104
BRDA:149,30,1,0
BRDA:150,31,0,49
BRDA:150,31,1,55
BRDA:155,32,0,0
BRDA:155,32,1,104
BRDA:168,33,0,28
BRDA:168,33,1,76
BRDA:168,34,0,28
BRDA:168,34,1,28
BRDA:168,35,0,76
BRDA:168,35,1,48
BRDA:174,36,0,45
BRDA:174,36,1,59
BRDA:177,37,0,59
BRDA:177,37,1,45
BRDA:184,38,0,0
BRDA:184,38,1,129
BRDA:190,39,0,0
BRDA:190,39,1,129
BRDA:193,40,0,61
BRDA:193,40,1,68
BRDA:193,41,0,129
BRDA:193,41,1,61
BRDA:196,42,0,38
BRDA:196,42,1,30
BRDA:203,43,0,30
BRDA:203,43,1,99
BRDA:210,44,0,32
BRDA:210,44,1,210
BRDA:213,45,0,16
BRDA:213,45,1,194
BRDA:216,46,0,16
BRDA:216,46,1,178
BRDA:216,47,0,194
BRDA:216,47,1,16
BRDA:222,48,0,87
BRDA:222,48,1,17
BRDA:226,49,0,4
BRDA:226,49,1,13
BRDA:231,50,0,0
BRDA:231,50,1,13
BRDA:238,51,0,8
BRDA:238,51,1,5
BRDA:241,52,0,9
BRDA:241,52,1,4
BRDA:252,53,0,24
BRDA:252,53,1,58
BRDA:268,54,0,0
BRDA:268,54,1,19
BRDA:273,55,0,17
BRDA:273,55,1,2
BRDA:274,56,0,1
BRDA:274,56,1,16
BRDA:274,57,0,17
BRDA:274,57,1,17
BRDA:278,58,0,16
BRDA:278,58,1,16
BRDA:279,59,0,16
BRDA:279,59,1,16
BRDA:285,60,0,18
BRDA:285,60,1,0
BRDA:290,61,0,0
BRDA:290,61,1,0
BRDA:291,62,0,0
BRDA:291,62,1,0
BRDA:299,63,0,0
BRDA:299,63,1,0
BRDA:309,64,0,32
BRDA:309,64,1,0
BRDA:314,65,0,21
BRDA:314,65,1,17
BRDA:319,66,0,17
BRDA:319,66,1,0
BRDA:327,67,0,0
BRDA:327,67,1,17
BRDA:335,68,0,48
BRDA:335,68,1,178
BRDA:342,69,0,0
BRDA:342,69,1,29
BRDA:345,70,0,10
BRDA:345,70,1,19
BRDA:349,71,0,0
BRDA:349,71,1,19
BRDA:354,72,0,4
BRDA:354,72,1,28
BRDA:359,73,0,2
BRDA:359,73,1,26
BRDA:363,74,0,26
BRDA:363,74,1,0
BRDA:365,75,0,7
BRDA:365,75,1,19
BRDA:368,76,0,4
BRDA:368,76,1,15
BRF:158
BRH:122
end_of_record
TN:
SF:lib/config.js
FN:10,isTSX
FN:13,isJS
FN:16,canProcessFile
FN:31,canProcessFn
FNF:4
FNH:4
FNDA:15,isTSX
FNDA:38,isJS
FNDA:38,canProcessFile
FNDA:167,canProcessFn
DA:2,4
DA:3,4
DA:4,4
DA:5,4
DA:6,4
DA:11,15
DA:14,38
DA:18,38
DA:19,9
DA:21,29
DA:23,15
DA:25,14
DA:26,2
DA:28,12
DA:30,4
DA:32,167
DA:33,0
DA:36,167
DA:37,167
DA:38,0
DA:40,167
DA:41,0
DA:43,167
DA:45,4
LF:24
LH:21
BRDA:18,0,0,9
BRDA:18,0,1,29
BRDA:21,1,0,15
BRDA:21,1,1,14
BRDA:25,2,0,2
BRDA:25,2,1,12
BRDA:32,3,0,0
BRDA:32,3,1,167
BRDA:36,4,0,167
BRDA:36,4,1,0
BRDA:37,5,0,0
BRDA:37,5,1,167
BRDA:40,6,0,0
BRDA:40,6,1,167
BRF:14
BRH:10
end_of_record
TN:
SF:tests/translate.ts
FN:6,generate
FN:13,transform
FNF:2
FNH:2
FNDA:38,generate
FNDA:38,transform
DA:7,38
DA:8,38
DA:9,38
DA:14,38
DA:17,38
DA:18,1
DA:22,38
DA:28,38
DA:29,38
LF:9
LH:9
BRDA:13,0,0,37
BRDA:17,1,0,1
BRDA:17,1,1,37
BRDA:28,2,0,38
BRDA:28,2,1,0
BRF:5
BRH:4
end_of_record
