TN:
SF:lib/babel-plugin.js
FN:11,allSameOrNull
FN:21,isPrimaryType
FN:24,uppercase
FN:25,(anonymous_3)
FN:27,resolveJSType
FN:55,(anonymous_5)
FN:83,resolveTSMembersFromTSObject
FN:97,resolveTSMembersFromTSInterface
FN:99,(anonymous_8)
FN:108,findType
FN:109,(anonymous_10)
FN:111,resolveTSMembersFromTSReference
FN:124,resolveTSMembers
FN:136,setErrorBuilder
FN:139,createSetupExpression
FN:148,(anonymous_15)
FN:193,createComponentVariableDeclaration
FN:198,processVariableDeclaration
FN:203,(anonymous_18)
FN:225,collectTypeDeclaration
FN:237,addVueImport
FN:265,onFnTransformed
FN:276,(anonymous_22)
FN:287,(anonymous_23)
FN:292,(anonymous_24)
FN:309,(anonymous_25)
FN:332,default_1
FN:334,(anonymous_27)
FN:337,(anonymous_28)
FN:340,(anonymous_29)
FN:347,(anonymous_30)
FN:360,(anonymous_31)
FN:367,(anonymous_32)
FN:373,(anonymous_33)
FN:411,(anonymous_34)
FNF:35
FNH:33
FNDA:0,allSameOrNull
FNDA:675,isPrimaryType
FNDA:405,uppercase
FNDA:405,(anonymous_3)
FNDA:765,resolveJSType
FNDA:0,(anonymous_5)
FNDA:18,resolveTSMembersFromTSObject
FNDA:29,resolveTSMembersFromTSInterface
FNDA:493,(anonymous_8)
FNDA:29,findType
FNDA:87,(anonymous_10)
FNDA:29,resolveTSMembersFromTSReference
FNDA:49,resolveTSMembers
FNDA:241,setErrorBuilder
FNDA:104,createSetupExpression
FNDA:765,(anonymous_15)
FNDA:88,createComponentVariableDeclaration
FNDA:111,processVariableDeclaration
FNDA:111,(anonymous_18)
FNDA:242,collectTypeDeclaration
FNDA:104,addVueImport
FNDA:104,onFnTransformed
FNDA:80,(anonymous_22)
FNDA:111,(anonymous_23)
FNDA:17,(anonymous_24)
FNDA:16,(anonymous_25)
FNDA:32,default_1
FNDA:32,(anonymous_27)
FNDA:38,(anonymous_28)
FNDA:38,(anonymous_29)
FNDA:38,(anonymous_30)
FNDA:255,(anonymous_31)
FNDA:226,(anonymous_32)
FNDA:255,(anonymous_33)
FNDA:17,(anonymous_34)
DA:2,4
DA:3,4
DA:5,4
DA:6,4
DA:7,4
DA:8,4
DA:9,4
DA:10,4
DA:12,0
DA:13,0
DA:14,0
DA:15,0
DA:16,0
DA:19,0
DA:22,675
DA:25,405
DA:28,765
DA:29,45
DA:31,720
DA:32,45
DA:34,675
DA:35,45
DA:37,630
DA:40,90
DA:42,540
DA:43,405
DA:44,405
DA:46,0
DA:48,135
DA:50,0
DA:51,0
DA:53,0
DA:54,0
DA:55,0
DA:57,135
DA:62,45
DA:64,90
DA:66,0
DA:68,90
DA:70,4
DA:77,4
DA:84,18
DA:85,18
DA:86,272
DA:87,272
DA:88,272
DA:92,0
DA:95,18
DA:98,29
DA:99,29
DA:100,493
DA:101,0
DA:103,493
DA:106,29
DA:109,87
DA:112,29
DA:113,29
DA:114,0
DA:116,29
DA:117,29
DA:119,0
DA:120,0
DA:122,0
DA:125,49
DA:126,18
DA:128,31
DA:129,29
DA:131,2
DA:132,2
DA:134,0
DA:137,241
DA:140,104
DA:143,104
DA:144,104
DA:147,104
DA:148,47
DA:149,765
DA:150,765
DA:151,270
DA:154,495
DA:158,104
DA:159,104
DA:160,104
DA:162,49
DA:164,104
DA:165,104
DA:169,104
DA:170,104
DA:174,104
DA:176,104
DA:179,104
DA:180,104
DA:183,104
DA:188,104
DA:189,45
DA:191,104
DA:194,88
DA:199,111
DA:200,111
DA:201,0
DA:203,111
DA:204,111
DA:205,111
DA:206,111
DA:207,0
DA:209,111
DA:210,47
DA:212,64
DA:213,34
DA:215,30
DA:216,30
DA:217,30
DA:219,111
DA:220,30
DA:221,30
DA:223,81
DA:226,242
DA:227,32
DA:229,210
DA:230,16
DA:232,194
DA:233,16
DA:235,178
DA:238,104
DA:239,87
DA:241,17
DA:242,17
DA:243,4
DA:245,13
DA:247,13
DA:248,0
DA:252,0
DA:253,0
DA:254,0
DA:255,0
DA:257,13
DA:258,8
DA:260,13
DA:261,9
DA:264,4
DA:266,104
DA:267,104
DA:268,104
DA:269,104
DA:270,17
DA:271,17
DA:273,104
DA:275,4
DA:277,80
DA:278,80
DA:279,22
DA:280,22
DA:283,58
DA:284,58
DA:285,58
DA:288,111
DA:289,111
DA:290,111
DA:293,17
DA:294,17
DA:295,0
DA:296,0
DA:298,17
DA:299,17
DA:300,17
DA:301,1
DA:302,1
DA:304,16
DA:305,16
DA:307,16
DA:310,16
DA:311,16
DA:312,16
DA:313,16
DA:315,0
DA:316,0
DA:317,0
DA:318,0
DA:319,0
DA:322,0
DA:323,0
DA:325,0
DA:327,0
DA:329,0
DA:333,32
DA:335,32
DA:338,38
DA:341,38
DA:342,38
DA:343,38
DA:348,38
DA:349,21
DA:350,21
DA:352,17
DA:353,17
DA:354,17
DA:355,17
DA:356,17
DA:357,17
DA:358,17
DA:359,17
DA:360,255
DA:361,17
DA:363,0
DA:364,0
DA:366,17
DA:367,17
DA:368,226
DA:369,226
DA:370,48
DA:373,255
DA:374,17
DA:375,29
DA:376,29
DA:377,0
DA:379,29
DA:380,10
DA:382,19
DA:383,19
DA:384,0
DA:386,19
DA:387,32
DA:388,32
DA:390,4
DA:391,4
DA:393,28
DA:394,2
DA:395,2
DA:397,26
DA:398,26
DA:399,26
DA:400,7
DA:402,19
DA:404,4
DA:409,17
DA:412,17
DA:413,17
DA:414,17
DA:415,17
DA:416,17
DA:417,17
DA:418,17
DA:419,17
DA:420,17
DA:426,4
LF:245
LH:202
BRDA:15,0,0,0
BRDA:15,0,1,0
BRDA:22,1,0,675
BRDA:22,1,1,585
BRDA:22,1,2,495
BRDA:28,2,0,45
BRDA:28,2,1,720
BRDA:31,3,0,45
BRDA:31,3,1,675
BRDA:34,4,0,45
BRDA:34,4,1,630
BRDA:37,5,0,90
BRDA:37,5,1,540
BRDA:37,6,0,630
BRDA:37,6,1,585
BRDA:37,6,2,585
BRDA:37,6,3,450
BRDA:42,7,0,405
BRDA:42,7,1,135
BRDA:43,8,0,405
BRDA:43,8,1,0
BRDA:48,9,0,0
BRDA:48,9,1,135
BRDA:50,10,0,0
BRDA:50,10,1,0
BRDA:50,11,0,0
BRDA:50,11,1,0
BRDA:57,12,0,45
BRDA:57,12,1,90
BRDA:57,13,0,135
BRDA:57,13,1,135
BRDA:57,13,2,135
BRDA:64,14,0,0
BRDA:64,14,1,90
BRDA:86,15,0,272
BRDA:86,15,1,0
BRDA:100,16,0,0
BRDA:100,16,1,493
BRDA:113,17,0,0
BRDA:113,17,1,29
BRDA:116,18,0,29
BRDA:116,18,1,0
BRDA:119,19,0,0
BRDA:119,19,1,0
BRDA:125,20,0,18
BRDA:125,20,1,31
BRDA:128,21,0,29
BRDA:128,21,1,2
BRDA:131,22,0,2
BRDA:131,22,1,0
BRDA:140,23,0,49
BRDA:140,23,1,55
BRDA:144,24,0,28
BRDA:144,24,1,76
BRDA:146,25,0,76
BRDA:146,25,1,47
BRDA:147,26,0,47
BRDA:147,26,1,57
BRDA:150,27,0,270
BRDA:150,27,1,495
BRDA:150,28,0,765
BRDA:150,28,1,675
BRDA:158,29,0,104
BRDA:158,29,1,0
BRDA:159,30,0,104
BRDA:159,30,1,0
BRDA:160,31,0,49
BRDA:160,31,1,55
BRDA:165,32,0,0
BRDA:165,32,1,104
BRDA:180,33,0,28
BRDA:180,33,1,76
BRDA:181,34,0,28
BRDA:181,34,1,28
BRDA:182,35,0,76
BRDA:182,35,1,48
BRDA:188,36,0,45
BRDA:188,36,1,59
BRDA:191,37,0,59
BRDA:191,37,1,45
BRDA:200,38,0,0
BRDA:200,38,1,111
BRDA:206,39,0,0
BRDA:206,39,1,111
BRDA:209,40,0,47
BRDA:209,40,1,64
BRDA:209,41,0,111
BRDA:209,41,1,47
BRDA:212,42,0,34
BRDA:212,42,1,30
BRDA:219,43,0,30
BRDA:219,43,1,81
BRDA:226,44,0,32
BRDA:226,44,1,210
BRDA:229,45,0,16
BRDA:229,45,1,194
BRDA:232,46,0,16
BRDA:232,46,1,178
BRDA:232,47,0,194
BRDA:232,47,1,16
BRDA:238,48,0,87
BRDA:238,48,1,17
BRDA:242,49,0,4
BRDA:242,49,1,13
BRDA:247,50,0,0
BRDA:247,50,1,13
BRDA:257,51,0,8
BRDA:257,51,1,5
BRDA:260,52,0,9
BRDA:260,52,1,4
BRDA:269,53,0,17
BRDA:269,53,1,87
BRDA:273,54,0,104
BRDA:273,54,1,0
BRDA:278,55,0,22
BRDA:278,55,1,58
BRDA:294,56,0,0
BRDA:294,56,1,17
BRDA:299,57,0,17
BRDA:299,57,1,0
BRDA:300,58,0,1
BRDA:300,58,1,16
BRDA:300,59,0,17
BRDA:300,59,1,17
BRDA:304,60,0,16
BRDA:304,60,1,16
BRDA:305,61,0,16
BRDA:305,61,1,16
BRDA:311,62,0,16
BRDA:311,62,1,0
BRDA:316,63,0,0
BRDA:316,63,1,0
BRDA:317,64,0,0
BRDA:317,64,1,0
BRDA:325,65,0,0
BRDA:325,65,1,0
BRDA:335,66,0,32
BRDA:335,66,1,0
BRDA:348,67,0,21
BRDA:348,67,1,17
BRDA:353,68,0,17
BRDA:353,68,1,0
BRDA:361,69,0,0
BRDA:361,69,1,17
BRDA:369,70,0,48
BRDA:369,70,1,178
BRDA:376,71,0,0
BRDA:376,71,1,29
BRDA:379,72,0,10
BRDA:379,72,1,19
BRDA:383,73,0,0
BRDA:383,73,1,19
BRDA:388,74,0,4
BRDA:388,74,1,28
BRDA:393,75,0,2
BRDA:393,75,1,26
BRDA:397,76,0,26
BRDA:397,76,1,0
BRDA:399,77,0,7
BRDA:399,77,1,19
BRDA:402,78,0,4
BRDA:402,78,1,15
BRF:162
BRH:124
end_of_record
TN:
SF:lib/config.js
FN:10,isTSX
FN:13,isJS
FN:16,canProcessFile
FN:31,canProcessFn
FNF:4
FNH:4
FNDA:15,isTSX
FNDA:38,isJS
FNDA:38,canProcessFile
FNDA:161,canProcessFn
DA:2,4
DA:3,4
DA:4,4
DA:5,4
DA:6,4
DA:11,15
DA:14,38
DA:18,38
DA:19,9
DA:21,29
DA:23,15
DA:25,14
DA:26,2
DA:28,12
DA:30,4
DA:32,161
DA:33,0
DA:36,161
DA:37,161
DA:38,0
DA:40,161
DA:41,0
DA:43,161
DA:45,4
LF:24
LH:21
BRDA:18,0,0,9
BRDA:18,0,1,29
BRDA:21,1,0,15
BRDA:21,1,1,14
BRDA:25,2,0,2
BRDA:25,2,1,12
BRDA:32,3,0,0
BRDA:32,3,1,161
BRDA:36,4,0,161
BRDA:36,4,1,0
BRDA:37,5,0,0
BRDA:37,5,1,161
BRDA:40,6,0,0
BRDA:40,6,1,161
BRF:14
BRH:10
end_of_record
TN:
SF:tests/translate.ts
FN:6,generate
FN:13,transform
FNF:2
FNH:2
FNDA:38,generate
FNDA:38,transform
DA:7,38
DA:8,38
DA:9,38
DA:14,38
DA:17,38
DA:18,1
DA:22,38
DA:28,38
DA:29,38
LF:9
LH:9
BRDA:13,0,0,37
BRDA:17,1,0,1
BRDA:17,1,1,37
BRDA:28,2,0,38
BRDA:28,2,1,0
BRF:5
BRH:4
end_of_record
